TN:
SF:services\aggregateService.ts
FN:28,executeAggregate
FN:42,executeGroupByAggregate
FN:46,(anonymous_2)
FN:47,(anonymous_3)
FN:59,(anonymous_4)
FN:65,(anonymous_5)
FN:78,executeRulesOnData
FN:81,(anonymous_7)
FN:94,applyAggregateOperation
FN:104,(anonymous_9)
FN:104,(anonymous_10)
FN:108,(anonymous_11)
FN:112,(anonymous_12)
FN:119,(anonymous_13)
FN:122,(anonymous_14)
FN:141,getDefaultValue
FN:168,inferAggregateConfig
FN:173,(anonymous_17)
FN:178,(anonymous_18)
FN:179,(anonymous_19)
FN:222,isNumericField
FN:230,(anonymous_21)
FN:232,(anonymous_22)
FN:243,validateAggregateConfig
FN:254,(anonymous_24)
FN:268,(anonymous_25)
FNF:26
FNH:0
FNDA:0,executeAggregate
FNDA:0,executeGroupByAggregate
FNDA:0,(anonymous_2)
FNDA:0,(anonymous_3)
FNDA:0,(anonymous_4)
FNDA:0,(anonymous_5)
FNDA:0,executeRulesOnData
FNDA:0,(anonymous_7)
FNDA:0,applyAggregateOperation
FNDA:0,(anonymous_9)
FNDA:0,(anonymous_10)
FNDA:0,(anonymous_11)
FNDA:0,(anonymous_12)
FNDA:0,(anonymous_13)
FNDA:0,(anonymous_14)
FNDA:0,getDefaultValue
FNDA:0,inferAggregateConfig
FNDA:0,(anonymous_17)
FNDA:0,(anonymous_18)
FNDA:0,(anonymous_19)
FNDA:0,isNumericField
FNDA:0,(anonymous_21)
FNDA:0,(anonymous_22)
FNDA:0,validateAggregateConfig
FNDA:0,(anonymous_24)
FNDA:0,(anonymous_25)
DA:28,0
DA:30,0
DA:31,0
DA:35,0
DA:36,0
DA:43,0
DA:46,0
DA:47,0
DA:49,0
DA:50,0
DA:53,0
DA:57,0
DA:59,0
DA:60,0
DA:62,0
DA:65,0
DA:66,0
DA:69,0
DA:72,0
DA:79,0
DA:81,0
DA:82,0
DA:83,0
DA:85,0
DA:88,0
DA:100,0
DA:101,0
DA:104,0
DA:106,0
DA:108,0
DA:111,0
DA:112,0
DA:113,0
DA:116,0
DA:119,0
DA:122,0
DA:125,0
DA:128,0
DA:131,0
DA:134,0
DA:142,0
DA:147,0
DA:149,0
DA:153,0
DA:155,0
DA:168,0
DA:172,0
DA:173,0
DA:174,0
DA:178,0
DA:179,0
DA:180,0
DA:186,0
DA:188,0
DA:193,0
DA:198,0
DA:203,0
DA:208,0
DA:216,0
DA:223,0
DA:229,0
DA:230,0
DA:231,0
DA:232,0
DA:243,0
DA:247,0
DA:250,0
DA:251,0
DA:254,0
DA:255,0
DA:256,0
DA:257,0
DA:258,0
DA:261,0
DA:262,0
DA:267,0
DA:268,0
DA:269,0
DA:270,0
DA:275,0
LF:80
LH:0
BRDA:30,0,0,0
BRDA:30,1,0,0
BRDA:30,1,1,0
BRDA:47,2,0,0
BRDA:47,2,1,0
BRDA:49,3,0,0
BRDA:83,4,0,0
BRDA:83,4,1,0
BRDA:100,5,0,0
BRDA:104,6,0,0
BRDA:104,6,1,0
BRDA:106,7,0,0
BRDA:106,7,1,0
BRDA:106,7,2,0
BRDA:106,7,3,0
BRDA:106,7,4,0
BRDA:106,7,5,0
BRDA:106,7,6,0
BRDA:106,7,7,0
BRDA:106,7,8,0
BRDA:108,8,0,0
BRDA:108,8,1,0
BRDA:111,9,0,0
BRDA:112,10,0,0
BRDA:112,10,1,0
BRDA:119,11,0,0
BRDA:119,11,1,0
BRDA:122,12,0,0
BRDA:122,12,1,0
BRDA:131,13,0,0
BRDA:131,13,1,0
BRDA:142,14,0,0
BRDA:142,14,1,0
BRDA:142,14,2,0
BRDA:142,14,3,0
BRDA:142,14,4,0
BRDA:142,14,5,0
BRDA:142,14,6,0
BRDA:142,14,7,0
BRDA:142,14,8,0
BRDA:180,15,0,0
BRDA:180,15,1,0
BRDA:180,15,2,0
BRDA:180,15,3,0
BRDA:186,16,0,0
BRDA:186,16,1,0
BRDA:193,17,0,0
BRDA:193,17,1,0
BRDA:194,18,0,0
BRDA:194,18,1,0
BRDA:194,18,2,0
BRDA:203,19,0,0
BRDA:204,20,0,0
BRDA:204,20,1,0
BRDA:204,20,2,0
BRDA:231,21,0,0
BRDA:231,21,1,0
BRDA:250,22,0,0
BRDA:250,23,0,0
BRDA:250,23,1,0
BRDA:255,24,0,0
BRDA:255,24,1,0
BRDA:257,25,0,0
BRDA:261,26,0,0
BRDA:267,27,0,0
BRDA:267,28,0,0
BRDA:267,28,1,0
BRDA:269,29,0,0
BRF:68
BRH:0
end_of_record
TN:
SF:services\documentMappingService.ts
FN:47,generateFieldMappingV2
FN:87,generateFieldMapping
FN:113,buildMultiSheetMappingPrompt
FN:117,(anonymous_4)
FN:138,(anonymous_5)
FN:280,buildMappingPrompt
FN:293,(anonymous_7)
FN:347,parseMultiSheetMappingResponse
FN:358,(anonymous_9)
FN:381,(anonymous_10)
FN:382,(anonymous_11)
FN:406,parseMappingResponse
FN:435,createFallbackMapping
FN:455,createFallbackMappingLegacy
FN:473,suggestPrimarySheet
FN:483,(anonymous_16)
FN:488,(anonymous_17)
FN:508,(anonymous_18)
FN:509,(anonymous_19)
FN:525,(anonymous_20)
FN:536,(anonymous_21)
FN:544,detectCrossSheetRelationships
FN:573,(anonymous_23)
FN:578,(anonymous_24)
FN:582,(anonymous_25)
FN:603,(anonymous_26)
FN:609,validateMappingScheme
FN:622,(anonymous_28)
FN:630,(anonymous_29)
FN:634,(anonymous_30)
FN:643,(anonymous_31)
FN:645,(anonymous_32)
FNF:32
FNH:18
FNDA:0,generateFieldMappingV2
FNDA:0,generateFieldMapping
FNDA:0,buildMultiSheetMappingPrompt
FNDA:0,(anonymous_4)
FNDA:0,(anonymous_5)
FNDA:0,buildMappingPrompt
FNDA:0,(anonymous_7)
FNDA:0,parseMultiSheetMappingResponse
FNDA:0,(anonymous_9)
FNDA:0,(anonymous_10)
FNDA:0,(anonymous_11)
FNDA:0,parseMappingResponse
FNDA:0,createFallbackMapping
FNDA:0,createFallbackMappingLegacy
FNDA:4,suggestPrimarySheet
FNDA:6,(anonymous_16)
FNDA:18,(anonymous_17)
FNDA:26,(anonymous_18)
FNDA:232,(anonymous_19)
FNDA:13,(anonymous_20)
FNDA:8,(anonymous_21)
FNDA:3,detectCrossSheetRelationships
FNDA:42,(anonymous_23)
FNDA:6,(anonymous_24)
FNDA:6,(anonymous_25)
FNDA:3,(anonymous_26)
FNDA:6,validateMappingScheme
FNDA:8,(anonymous_28)
FNDA:8,(anonymous_29)
FNDA:9,(anonymous_30)
FNDA:6,(anonymous_31)
FNDA:13,(anonymous_32)
DA:9,1
DA:11,1
DA:14,1
DA:47,1
DA:48,0
DA:50,0
DA:52,0
DA:60,0
DA:69,0
DA:70,0
DA:73,0
DA:75,0
DA:78,0
DA:79,0
DA:87,1
DA:88,0
DA:91,0
DA:114,0
DA:117,0
DA:118,0
DA:127,0
DA:138,0
DA:281,0
DA:283,0
DA:293,0
DA:341,1
DA:348,0
DA:350,0
DA:353,0
DA:354,0
DA:358,0
DA:359,0
DA:360,0
DA:361,0
DA:365,0
DA:366,0
DA:370,0
DA:371,0
DA:375,0
DA:376,0
DA:380,0
DA:381,0
DA:382,0
DA:383,0
DA:384,0
DA:385,0
DA:387,0
DA:392,0
DA:394,0
DA:397,0
DA:398,0
DA:407,0
DA:409,0
DA:412,0
DA:413,0
DA:417,0
DA:418,0
DA:421,0
DA:424,0
DA:427,0
DA:436,0
DA:445,0
DA:446,0
DA:449,0
DA:456,0
DA:473,1
DA:474,4
DA:475,1
DA:478,3
DA:479,1
DA:483,2
DA:484,6
DA:488,18
DA:489,6
DA:493,6
DA:494,6
DA:495,2
DA:496,4
DA:497,4
DA:502,6
DA:508,6
DA:509,232
DA:512,6
DA:515,6
DA:516,3
DA:517,3
DA:520,3
DA:521,0
DA:525,3
DA:526,13
DA:529,3
DA:532,6
DA:536,8
DA:537,2
DA:544,1
DA:555,3
DA:558,3
DA:567,3
DA:568,9
DA:569,9
DA:570,9
DA:573,9
DA:574,42
DA:578,9
DA:579,6
DA:582,6
DA:583,6
DA:587,6
DA:588,6
DA:589,6
DA:592,6
DA:603,3
DA:609,1
DA:617,6
DA:618,6
DA:621,6
DA:622,8
DA:624,6
DA:625,1
DA:629,6
DA:630,8
DA:633,6
DA:634,5
DA:635,9
DA:636,1
DA:642,6
DA:643,6
DA:644,6
DA:645,13
DA:648,6
DA:649,1
DA:650,5
DA:651,0
DA:657,6
DA:658,1
DA:662,6
DA:663,1
DA:666,6
LF:138
LH:77
BRDA:15,0,0,1
BRDA:15,0,1,1
BRDA:15,0,2,1
BRDA:69,1,0,0
BRDA:69,1,1,0
BRDA:70,2,0,0
BRDA:79,3,0,0
BRDA:79,3,1,0
BRDA:134,4,0,0
BRDA:134,4,1,0
BRDA:353,5,0,0
BRDA:353,6,0,0
BRDA:353,6,1,0
BRDA:359,7,0,0
BRDA:361,8,0,0
BRDA:361,8,1,0
BRDA:365,9,0,0
BRDA:370,10,0,0
BRDA:370,11,0,0
BRDA:370,11,1,0
BRDA:375,12,0,0
BRDA:380,13,0,0
BRDA:380,14,0,0
BRDA:380,14,1,0
BRDA:383,15,0,0
BRDA:412,16,0,0
BRDA:412,17,0,0
BRDA:412,17,1,0
BRDA:417,18,0,0
BRDA:438,19,0,0
BRDA:438,19,1,0
BRDA:445,20,0,0
BRDA:474,21,0,1
BRDA:478,22,0,1
BRDA:494,23,0,2
BRDA:494,23,1,4
BRDA:494,24,0,6
BRDA:494,24,1,2
BRDA:496,25,0,4
BRDA:515,26,0,3
BRDA:520,27,0,0
BRDA:582,28,0,6
BRDA:587,29,0,6
BRDA:587,29,1,0
BRDA:587,29,2,0
BRDA:588,30,0,6
BRDA:624,31,0,1
BRDA:633,32,0,5
BRDA:635,33,0,1
BRDA:642,34,0,6
BRDA:648,35,0,1
BRDA:648,35,1,5
BRDA:650,36,0,0
BRDA:657,37,0,1
BRDA:662,38,0,1
BRDA:662,39,0,6
BRDA:662,39,1,1
BRF:57
BRH:24
end_of_record
TN:
SF:services\docxGeneratorService.ts
FN:35,generateWordDocument
FN:60,applyFilter
FN:77,(anonymous_11)
FN:97,applyTransform
FN:117,buildDocumentData
FN:120,(anonymous_14)
FN:141,generateMultipleDocuments
FN:201,createDownloadZip
FN:206,(anonymous_17)
FN:231,downloadDocument
FN:247,downloadDocumentsAsZip
FNF:11
FNH:0
FNDA:0,generateWordDocument
FNDA:0,applyFilter
FNDA:0,(anonymous_11)
FNDA:0,applyTransform
FNDA:0,buildDocumentData
FNDA:0,(anonymous_14)
FNDA:0,generateMultipleDocuments
FNDA:0,createDownloadZip
FNDA:0,(anonymous_17)
FNDA:0,downloadDocument
FNDA:0,downloadDocumentsAsZip
DA:7,0
DA:8,0
DA:35,0
DA:36,0
DA:38,0
DA:40,0
DA:46,0
DA:50,0
DA:61,0
DA:62,0
DA:65,0
DA:67,0
DA:77,0
DA:78,0
DA:79,0
DA:81,0
DA:82,0
DA:86,0
DA:87,0
DA:98,0
DA:99,0
DA:102,0
DA:103,0
DA:104,0
DA:106,0
DA:107,0
DA:118,0
DA:120,0
DA:121,0
DA:124,0
DA:127,0
DA:130,0
DA:133,0
DA:141,0
DA:142,0
DA:144,0
DA:146,0
DA:148,0
DA:149,0
DA:153,0
DA:155,0
DA:156,0
DA:159,0
DA:162,0
DA:169,0
DA:172,0
DA:173,0
DA:174,0
DA:175,0
DA:176,0
DA:180,0
DA:188,0
DA:191,0
DA:201,0
DA:202,0
DA:203,0
DA:206,0
DA:207,0
DA:211,0
DA:219,0
DA:222,0
DA:231,0
DA:232,0
DA:233,0
DA:234,0
DA:235,0
DA:236,0
DA:237,0
DA:238,0
DA:239,0
DA:247,0
DA:248,0
DA:249,0
LF:73
LH:0
BRDA:36,0,0,0
BRDA:50,1,0,0
BRDA:50,1,1,0
BRDA:61,2,0,0
BRDA:98,3,0,0
BRDA:148,4,0,0
BRDA:174,5,0,0
BRDA:191,6,0,0
BRDA:191,6,1,0
BRDA:201,7,0,0
BRDA:222,8,0,0
BRDA:222,8,1,0
BRDA:247,9,0,0
BRF:13
BRH:0
end_of_record
TN:
SF:services\docxtemplaterService.ts
FN:193,(anonymous_10)
FN:214,(anonymous_11)
FN:237,(anonymous_12)
FN:251,(anonymous_13)
FN:311,generateWithDocxtemplater
FN:344,(anonymous_15)
FN:354,(anonymous_16)
FN:427,batchGenerateWithDocxtemplater
FN:463,(anonymous_18)
FN:526,detectNameField
FN:555,sanitizeFileName
FN:622,createImageData
FN:639,(anonymous_22)
FN:645,(anonymous_23)
FN:653,(anonymous_24)
FN:663,(anonymous_25)
FN:673,(anonymous_26)
FN:675,(anonymous_27)
FN:676,(anonymous_28)
FN:689,(anonymous_29)
FN:701,validateTemplateAndData
FN:758,extractPlaceholdersFromTemplate
FN:775,(anonymous_32)
FN:777,(anonymous_33)
FN:792,compareEngines
FN:824,(anonymous_35)
FN:862,(anonymous_36)
FN:896,(anonymous_37)
FN:926,(anonymous_38)
FN:973,(anonymous_39)
FN:1002,(anonymous_40)
FN:1010,(anonymous_41)
FN:1017,(anonymous_42)
FN:1024,(anonymous_43)
FN:1035,(anonymous_44)
FN:1037,(anonymous_45)
FN:1079,(anonymous_46)
FN:1098,(anonymous_47)
FN:1115,(anonymous_48)
FN:1134,(anonymous_49)
FN:1150,(anonymous_50)
FN:1183,(anonymous_51)
FN:1212,(anonymous_52)
FN:1254,(anonymous_53)
FN:1264,(anonymous_54)
FN:1308,getImageSizeFromBase64
FN:1309,(anonymous_56)
FN:1311,(anonymous_57)
FN:1314,(anonymous_58)
FNF:49
FNH:0
FNDA:0,(anonymous_10)
FNDA:0,(anonymous_11)
FNDA:0,(anonymous_12)
FNDA:0,(anonymous_13)
FNDA:0,generateWithDocxtemplater
FNDA:0,(anonymous_15)
FNDA:0,(anonymous_16)
FNDA:0,batchGenerateWithDocxtemplater
FNDA:0,(anonymous_18)
FNDA:0,detectNameField
FNDA:0,sanitizeFileName
FNDA:0,createImageData
FNDA:0,(anonymous_22)
FNDA:0,(anonymous_23)
FNDA:0,(anonymous_24)
FNDA:0,(anonymous_25)
FNDA:0,(anonymous_26)
FNDA:0,(anonymous_27)
FNDA:0,(anonymous_28)
FNDA:0,(anonymous_29)
FNDA:0,validateTemplateAndData
FNDA:0,extractPlaceholdersFromTemplate
FNDA:0,(anonymous_32)
FNDA:0,(anonymous_33)
FNDA:0,compareEngines
FNDA:0,(anonymous_35)
FNDA:0,(anonymous_36)
FNDA:0,(anonymous_37)
FNDA:0,(anonymous_38)
FNDA:0,(anonymous_39)
FNDA:0,(anonymous_40)
FNDA:0,(anonymous_41)
FNDA:0,(anonymous_42)
FNDA:0,(anonymous_43)
FNDA:0,(anonymous_44)
FNDA:0,(anonymous_45)
FNDA:0,(anonymous_46)
FNDA:0,(anonymous_47)
FNDA:0,(anonymous_48)
FNDA:0,(anonymous_49)
FNDA:0,(anonymous_50)
FNDA:0,(anonymous_51)
FNDA:0,(anonymous_52)
FNDA:0,(anonymous_53)
FNDA:0,(anonymous_54)
FNDA:0,getImageSizeFromBase64
FNDA:0,(anonymous_56)
FNDA:0,(anonymous_57)
FNDA:0,(anonymous_58)
DA:21,0
DA:22,0
DA:23,0
DA:193,0
DA:194,0
DA:195,0
DA:196,0
DA:197,0
DA:198,0
DA:199,0
DA:200,0
DA:201,0
DA:202,0
DA:203,0
DA:209,0
DA:219,0
DA:220,0
DA:221,0
DA:222,0
DA:223,0
DA:226,0
DA:229,0
DA:230,0
DA:238,0
DA:252,0
DA:253,0
DA:256,0
DA:259,0
DA:260,0
DA:261,0
DA:262,0
DA:263,0
DA:264,0
DA:265,0
DA:266,0
DA:267,0
DA:268,0
DA:271,0
DA:311,0
DA:314,0
DA:323,0
DA:325,0
DA:328,0
DA:329,0
DA:331,0
DA:338,0
DA:341,0
DA:342,0
DA:344,0
DA:347,0
DA:351,0
DA:354,0
DA:359,0
DA:371,0
DA:372,0
DA:374,0
DA:381,0
DA:382,0
DA:387,0
DA:388,0
DA:396,0
DA:403,0
DA:405,0
DA:409,0
DA:410,0
DA:414,0
DA:427,0
DA:452,0
DA:454,0
DA:455,0
DA:456,0
DA:457,0
DA:460,0
DA:461,0
DA:463,0
DA:464,0
DA:466,0
DA:467,0
DA:475,0
DA:476,0
DA:477,0
DA:478,0
DA:481,0
DA:483,0
DA:491,0
DA:492,0
DA:493,0
DA:497,0
DA:500,0
DA:501,0
DA:502,0
DA:507,0
DA:509,0
DA:527,0
DA:538,0
DA:539,0
DA:540,0
DA:544,0
DA:556,0
DA:622,0
DA:627,0
DA:639,0
DA:640,0
DA:646,0
DA:647,0
DA:654,0
DA:657,0
DA:664,0
DA:667,0
DA:674,0
DA:675,0
DA:676,0
DA:683,0
DA:690,0
DA:701,0
DA:709,0
DA:710,0
DA:712,0
DA:714,0
DA:717,0
DA:718,0
DA:719,0
DA:723,0
DA:730,0
DA:733,0
DA:734,0
DA:736,0
DA:737,0
DA:740,0
DA:743,0
DA:744,0
DA:746,0
DA:748,0
DA:758,0
DA:761,0
DA:762,0
DA:763,0
DA:765,0
DA:766,0
DA:769,0
DA:772,0
DA:773,0
DA:774,0
DA:775,0
DA:777,0
DA:780,0
DA:781,0
DA:792,0
DA:800,0
DA:801,0
DA:802,0
DA:804,0
DA:805,0
DA:806,0
DA:810,0
DA:811,0
DA:812,0
DA:814,0
DA:818,0
DA:819,0
DA:820,0
DA:822,0
DA:824,0
DA:826,0
DA:827,0
DA:831,0
DA:832,0
DA:833,0
DA:835,0
DA:838,0
DA:853,0
DA:854,0
DA:867,0
DA:870,0
DA:874,0
DA:875,0
DA:879,0
DA:907,0
DA:915,0
DA:917,0
DA:918,0
DA:919,0
DA:922,0
DA:923,0
DA:926,0
DA:927,0
DA:928,0
DA:930,0
DA:931,0
DA:932,0
DA:938,0
DA:939,0
DA:940,0
DA:941,0
DA:944,0
DA:947,0
DA:949,0
DA:956,0
DA:958,0
DA:959,0
DA:960,0
DA:963,0
DA:965,0
DA:966,0
DA:969,0
DA:973,0
DA:977,0
DA:981,0
DA:982,0
DA:983,0
DA:984,0
DA:985,0
DA:989,0
DA:990,0
DA:991,0
DA:996,0
DA:1006,0
DA:1009,0
DA:1010,0
DA:1011,0
DA:1016,0
DA:1017,0
DA:1018,0
DA:1023,0
DA:1024,0
DA:1025,0
DA:1029,0
DA:1036,0
DA:1038,0
DA:1040,0
DA:1041,0
DA:1043,0
DA:1044,0
DA:1045,0
DA:1046,0
DA:1048,0
DA:1052,0
DA:1053,0
DA:1054,0
DA:1055,0
DA:1056,0
DA:1060,0
DA:1061,0
DA:1062,0
DA:1063,0
DA:1064,0
DA:1066,0
DA:1069,0
DA:1071,0
DA:1072,0
DA:1080,0
DA:1082,0
DA:1083,0
DA:1087,0
DA:1089,0
DA:1099,0
DA:1108,0
DA:1119,0
DA:1120,0
DA:1124,0
DA:1139,0
DA:1140,0
DA:1146,0
DA:1149,0
DA:1150,0
DA:1151,0
DA:1156,0
DA:1159,0
DA:1176,0
DA:1184,0
DA:1185,0
DA:1186,0
DA:1188,0
DA:1190,0
DA:1193,0
DA:1194,0
DA:1195,0
DA:1205,0
DA:1206,0
DA:1207,0
DA:1208,0
DA:1209,0
DA:1212,0
DA:1213,0
DA:1214,0
DA:1218,0
DA:1219,0
DA:1220,0
DA:1221,0
DA:1226,0
DA:1228,0
DA:1237,0
DA:1238,0
DA:1255,0
DA:1265,0
DA:1266,0
DA:1267,0
DA:1269,0
DA:1270,0
DA:1273,0
DA:1276,0
DA:1277,0
DA:1278,0
DA:1279,0
DA:1280,0
DA:1281,0
DA:1284,0
DA:1285,0
DA:1286,0
DA:1287,0
DA:1288,0
DA:1289,0
DA:1292,0
DA:1295,0
DA:1296,0
DA:1309,0
DA:1310,0
DA:1311,0
DA:1312,0
DA:1314,0
DA:1315,0
DA:1317,0
LF:322
LH:0
BRDA:193,0,0,0
BRDA:193,0,1,0
BRDA:229,1,0,0
BRDA:251,2,0,0
BRDA:252,3,0,0
BRDA:259,4,0,0
BRDA:259,4,1,0
BRDA:261,5,0,0
BRDA:261,5,1,0
BRDA:263,6,0,0
BRDA:263,6,1,0
BRDA:265,7,0,0
BRDA:265,7,1,0
BRDA:267,8,0,0
BRDA:319,9,0,0
BRDA:321,10,0,0
BRDA:322,11,0,0
BRDA:341,12,0,0
BRDA:344,13,0,0
BRDA:344,13,1,0
BRDA:345,14,0,0
BRDA:345,14,1,0
BRDA:381,15,0,0
BRDA:409,16,0,0
BRDA:415,17,0,0
BRDA:415,17,1,0
BRDA:451,18,0,0
BRDA:477,19,0,0
BRDA:477,20,0,0
BRDA:477,20,1,0
BRDA:501,21,0,0
BRDA:539,22,0,0
BRDA:539,23,0,0
BRDA:539,23,1,0
BRDA:539,23,2,0
BRDA:677,24,0,0
BRDA:677,24,1,0
BRDA:678,25,0,0
BRDA:678,25,1,0
BRDA:679,26,0,0
BRDA:679,26,1,0
BRDA:717,27,0,0
BRDA:736,28,0,0
BRDA:743,29,0,0
BRDA:743,29,1,0
BRDA:765,30,0,0
BRDA:772,31,0,0
BRDA:772,31,1,0
BRDA:867,32,0,0
BRDA:874,33,0,0
BRDA:874,34,0,0
BRDA:874,34,1,0
BRDA:905,35,0,0
BRDA:906,36,0,0
BRDA:910,37,0,0
BRDA:911,38,0,0
BRDA:913,39,0,0
BRDA:914,40,0,0
BRDA:940,41,0,0
BRDA:940,42,0,0
BRDA:940,42,1,0
BRDA:958,43,0,0
BRDA:965,44,0,0
BRDA:990,45,0,0
BRDA:1009,46,0,0
BRDA:1016,47,0,0
BRDA:1023,48,0,0
BRDA:1040,49,0,0
BRDA:1052,50,0,0
BRDA:1060,51,0,0
BRDA:1082,52,0,0
BRDA:1119,53,0,0
BRDA:1159,54,0,0
BRDA:1159,54,1,0
BRDA:1193,55,0,0
BRDA:1206,56,0,0
BRDA:1213,57,0,0
BRDA:1218,58,0,0
BRDA:1218,58,1,0
BRDA:1219,59,0,0
BRDA:1219,59,1,0
BRDA:1220,60,0,0
BRDA:1237,61,0,0
BRDA:1237,61,1,0
BRDA:1269,62,0,0
BRDA:1285,63,0,0
BRDA:1286,64,0,0
BRDA:1287,65,0,0
BRDA:1288,66,0,0
BRDA:1288,67,0,0
BRDA:1288,67,1,0
BRDA:1289,68,0,0
BRDA:1292,69,0,0
BRDA:1292,69,1,0
BRF:94
BRH:0
end_of_record
TN:
SF:services\excelService.ts
FN:4,(anonymous_9)
FN:5,(anonymous_10)
FN:7,(anonymous_11)
FN:23,(anonymous_12)
FN:44,(anonymous_13)
FN:84,(anonymous_14)
FN:92,(anonymous_15)
FN:104,(anonymous_16)
FN:107,(anonymous_17)
FN:122,(anonymous_18)
FNF:10
FNH:0
FNDA:0,(anonymous_9)
FNDA:0,(anonymous_10)
FNDA:0,(anonymous_11)
FNDA:0,(anonymous_12)
FNDA:0,(anonymous_13)
FNDA:0,(anonymous_14)
FNDA:0,(anonymous_15)
FNDA:0,(anonymous_16)
FNDA:0,(anonymous_17)
FNDA:0,(anonymous_18)
DA:1,0
DA:4,0
DA:5,0
DA:6,0
DA:7,0
DA:8,0
DA:9,0
DA:10,0
DA:12,0
DA:20,0
DA:21,0
DA:23,0
DA:24,0
DA:25,0
DA:28,0
DA:29,0
DA:32,0
DA:33,0
DA:36,0
DA:37,0
DA:39,0
DA:42,0
DA:44,0
DA:45,0
DA:47,0
DA:48,0
DA:49,0
DA:55,0
DA:56,0
DA:61,0
DA:62,0
DA:63,0
DA:65,0
DA:73,0
DA:81,0
DA:84,0
DA:85,0
DA:92,0
DA:93,0
DA:94,0
DA:95,0
DA:96,0
DA:104,0
DA:105,0
DA:107,0
DA:108,0
DA:109,0
DA:112,0
DA:122,0
DA:127,0
DA:128,0
DA:129,0
DA:130,0
DA:131,0
DA:132,0
DA:133,0
DA:135,0
DA:137,0
DA:138,0
DA:142,0
DA:143,0
DA:145,0
DA:151,0
DA:152,0
DA:153,0
DA:163,0
DA:164,0
DA:165,0
DA:166,0
DA:167,0
DA:168,0
DA:170,0
DA:172,0
DA:173,0
DA:174,0
DA:177,0
DA:178,0
DA:179,0
DA:181,0
DA:182,0
DA:183,0
DA:184,0
DA:185,0
DA:186,0
DA:187,0
DA:188,0
DA:189,0
DA:190,0
DA:191,0
DA:192,0
DA:193,0
DA:194,0
DA:195,0
DA:196,0
DA:197,0
DA:198,0
DA:201,0
DA:202,0
DA:204,0
DA:207,0
DA:208,0
DA:215,0
DA:216,0
DA:220,0
LF:104
LH:0
BRDA:24,0,0,0
BRDA:37,1,0,0
BRDA:42,2,0,0
BRDA:45,3,0,0
BRDA:45,4,0,0
BRDA:45,4,1,0
BRDA:48,5,0,0
BRDA:48,5,1,0
BRDA:49,6,0,0
BRDA:49,6,1,0
BRDA:55,7,0,0
BRDA:61,8,0,0
BRDA:61,8,1,0
BRDA:96,9,0,0
BRDA:96,9,1,0
BRDA:112,10,0,0
BRDA:112,10,1,0
BRDA:125,11,0,0
BRDA:137,12,0,0
BRDA:158,13,0,0
BRDA:158,13,1,0
BRDA:160,14,0,0
BRDA:160,14,1,0
BRDA:163,15,0,0
BRDA:163,15,1,0
BRDA:168,16,0,0
BRDA:168,16,1,0
BRDA:177,17,0,0
BRDA:177,17,1,0
BRDA:181,18,0,0
BRDA:181,18,1,0
BRDA:184,19,0,0
BRDA:184,19,1,0
BRDA:187,20,0,0
BRDA:187,20,1,0
BRDA:187,21,0,0
BRDA:187,21,1,0
BRDA:190,22,0,0
BRDA:190,22,1,0
BRDA:193,23,0,0
BRDA:193,23,1,0
BRDA:196,24,0,0
BRDA:215,25,0,0
BRF:43
BRH:0
end_of_record
TN:
SF:services\geminiService.ts
FN:7,(anonymous_0)
FN:23,(anonymous_1)
FN:36,(anonymous_2)
FN:63,(anonymous_3)
FN:71,(anonymous_4)
FNF:5
FNH:0
FNDA:0,(anonymous_0)
FNDA:0,(anonymous_1)
FNDA:0,(anonymous_2)
FNDA:0,(anonymous_3)
FNDA:0,(anonymous_4)
DA:1,0
DA:4,0
DA:5,0
DA:7,0
DA:8,0
DA:9,0
DA:10,0
DA:16,0
DA:18,0
DA:19,0
DA:23,0
DA:28,0
DA:29,0
DA:31,0
DA:32,0
DA:33,0
DA:36,0
DA:41,0
DA:46,0
DA:52,0
DA:54,0
DA:55,0
DA:63,0
DA:67,0
DA:68,0
DA:71,0
DA:72,0
DA:79,0
DA:116,0
DA:125,0
DA:126,0
DA:128,0
DA:129,0
DA:132,0
DA:133,0
LF:35
LH:0
BRDA:4,0,0,0
BRDA:4,0,1,0
BRDA:16,1,0,0
BRDA:16,1,1,0
BRDA:32,2,0,0
BRDA:52,3,0,0
BRDA:52,3,1,0
BRDA:126,4,0,0
BRF:8
BRH:0
end_of_record
TN:
SF:services\intelligentDocumentService.ts
FN:379,(anonymous_0)
FN:396,(anonymous_1)
FN:417,(anonymous_2)
FN:462,(anonymous_3)
FN:476,(anonymous_4)
FN:490,(anonymous_5)
FN:521,(anonymous_6)
FN:538,(anonymous_7)
FN:555,(anonymous_8)
FN:568,(anonymous_9)
FN:577,(anonymous_10)
FN:597,(anonymous_11)
FN:611,(anonymous_12)
FN:632,(anonymous_13)
FN:685,(anonymous_14)
FN:698,(anonymous_15)
FN:717,(anonymous_16)
FN:745,(anonymous_17)
FN:772,(anonymous_18)
FN:805,(anonymous_19)
FN:826,(anonymous_20)
FN:840,(anonymous_21)
FN:859,(anonymous_22)
FN:863,(anonymous_23)
FN:876,(anonymous_24)
FN:881,(anonymous_25)
FN:891,(anonymous_26)
FN:909,(anonymous_27)
FN:918,(anonymous_28)
FN:922,(anonymous_29)
FN:926,(anonymous_30)
FNF:31
FNH:0
FNDA:0,(anonymous_0)
FNDA:0,(anonymous_1)
FNDA:0,(anonymous_2)
FNDA:0,(anonymous_3)
FNDA:0,(anonymous_4)
FNDA:0,(anonymous_5)
FNDA:0,(anonymous_6)
FNDA:0,(anonymous_7)
FNDA:0,(anonymous_8)
FNDA:0,(anonymous_9)
FNDA:0,(anonymous_10)
FNDA:0,(anonymous_11)
FNDA:0,(anonymous_12)
FNDA:0,(anonymous_13)
FNDA:0,(anonymous_14)
FNDA:0,(anonymous_15)
FNDA:0,(anonymous_16)
FNDA:0,(anonymous_17)
FNDA:0,(anonymous_18)
FNDA:0,(anonymous_19)
FNDA:0,(anonymous_20)
FNDA:0,(anonymous_21)
FNDA:0,(anonymous_22)
FNDA:0,(anonymous_23)
FNDA:0,(anonymous_24)
FNDA:0,(anonymous_25)
FNDA:0,(anonymous_26)
FNDA:0,(anonymous_27)
FNDA:0,(anonymous_28)
FNDA:0,(anonymous_29)
FNDA:0,(anonymous_30)
DA:12,0
DA:377,0
DA:380,0
DA:381,0
DA:382,0
DA:383,0
DA:384,0
DA:385,0
DA:386,0
DA:387,0
DA:388,0
DA:389,0
DA:390,0
DA:393,0
DA:398,0
DA:399,0
DA:400,0
DA:404,0
DA:405,0
DA:406,0
DA:418,0
DA:420,0
DA:423,0
DA:436,0
DA:439,0
DA:441,0
DA:453,0
DA:454,0
DA:463,0
DA:464,0
DA:465,0
DA:466,0
DA:470,0
DA:476,0
DA:477,0
DA:481,0
DA:482,0
DA:491,0
DA:492,0
DA:493,0
DA:496,0
DA:497,0
DA:498,0
DA:499,0
DA:501,0
DA:522,0
DA:523,0
DA:524,0
DA:527,0
DA:531,0
DA:539,0
DA:540,0
DA:541,0
DA:544,0
DA:548,0
DA:556,0
DA:557,0
DA:558,0
DA:561,0
DA:565,0
DA:568,0
DA:569,0
DA:578,0
DA:579,0
DA:580,0
DA:584,0
DA:586,0
DA:589,0
DA:598,0
DA:599,0
DA:600,0
DA:604,0
DA:611,0
DA:612,0
DA:633,0
DA:635,0
DA:638,0
DA:641,0
DA:644,0
DA:647,0
DA:650,0
DA:653,0
DA:656,0
DA:663,0
DA:666,0
DA:675,0
DA:686,0
DA:689,0
DA:690,0
DA:692,0
DA:693,0
DA:694,0
DA:698,0
DA:699,0
DA:711,0
DA:718,0
DA:721,0
DA:722,0
DA:725,0
DA:726,0
DA:728,0
DA:729,0
DA:730,0
DA:734,0
DA:735,0
DA:738,0
DA:746,0
DA:748,0
DA:759,0
DA:773,0
DA:776,0
DA:783,0
DA:784,0
DA:789,0
DA:795,0
DA:799,0
DA:806,0
DA:809,0
DA:827,0
DA:830,0
DA:841,0
DA:844,0
DA:846,0
DA:848,0
DA:860,0
DA:868,0
DA:873,0
DA:881,0
DA:882,0
DA:885,0
DA:896,0
DA:897,0
DA:901,0
DA:903,0
DA:910,0
DA:911,0
DA:919,0
DA:923,0
DA:927,0
LF:139
LH:0
BRDA:399,0,0,0
BRDA:465,1,0,0
BRDA:492,2,0,0
BRDA:523,3,0,0
BRDA:540,4,0,0
BRDA:557,5,0,0
BRDA:579,6,0,0
BRDA:584,7,0,0
BRDA:584,7,1,0
BRDA:599,8,0,0
BRDA:692,9,0,0
BRDA:728,10,0,0
BRDA:783,11,0,0
BRDA:846,12,0,0
BRDA:896,13,0,0
BRF:15
BRH:0
end_of_record
TN:
SF:services\templateService.ts
FN:20,extractPlaceholders
FN:30,parseWordTemplate
FN:64,createTemplateFile
FN:85,highlightPlaceholdersInHtml
FN:88,(anonymous_5)
FN:102,escapeRegExp
FNF:6
FNH:0
FNDA:0,extractPlaceholders
FNDA:0,parseWordTemplate
FNDA:0,createTemplateFile
FNDA:0,highlightPlaceholdersInHtml
FNDA:0,(anonymous_5)
FNDA:0,escapeRegExp
DA:7,0
DA:13,0
DA:20,0
DA:21,0
DA:22,0
DA:30,0
DA:31,0
DA:32,0
DA:35,0
DA:36,0
DA:39,0
DA:42,0
DA:45,0
DA:46,0
DA:48,0
DA:55,0
DA:64,0
DA:65,0
DA:66,0
DA:68,0
DA:85,0
DA:86,0
DA:88,0
DA:90,0
DA:96,0
DA:103,0
LF:26
LH:0
BRDA:22,0,0,0
BRDA:22,0,1,0
BRDA:45,1,0,0
BRDA:45,1,1,0
BRDA:46,2,0,0
BRDA:46,2,1,0
BRDA:55,3,0,0
BRDA:55,3,1,0
BRF:8
BRH:0
end_of_record
TN:
SF:services\zhipuService.ts
FN:12,(anonymous_1)
FN:78,(anonymous_2)
FN:121,(anonymous_3)
FN:142,(anonymous_4)
FN:170,(anonymous_5)
FN:227,(anonymous_6)
FN:261,(anonymous_7)
FN:275,(anonymous_8)
FN:283,(anonymous_9)
FN:301,(anonymous_10)
FN:312,(anonymous_11)
FN:322,(anonymous_12)
FN:338,(anonymous_13)
FN:349,(anonymous_14)
FN:524,(anonymous_15)
FNF:15
FNH:0
FNDA:0,(anonymous_1)
FNDA:0,(anonymous_2)
FNDA:0,(anonymous_3)
FNDA:0,(anonymous_4)
FNDA:0,(anonymous_5)
FNDA:0,(anonymous_6)
FNDA:0,(anonymous_7)
FNDA:0,(anonymous_8)
FNDA:0,(anonymous_9)
FNDA:0,(anonymous_10)
FNDA:0,(anonymous_11)
FNDA:0,(anonymous_12)
FNDA:0,(anonymous_13)
FNDA:0,(anonymous_14)
FNDA:0,(anonymous_15)
DA:1,0
DA:3,0
DA:6,0
DA:12,0
DA:13,0
DA:15,0
DA:17,0
DA:46,0
DA:55,0
DA:58,0
DA:59,0
DA:60,0
DA:64,0
DA:65,0
DA:68,0
DA:70,0
DA:73,0
DA:78,0
DA:79,0
DA:80,0
DA:83,0
DA:84,0
DA:88,0
DA:89,0
DA:93,0
DA:94,0
DA:98,0
DA:99,0
DA:103,0
DA:104,0
DA:108,0
DA:109,0
DA:113,0
DA:114,0
DA:117,0
DA:121,0
DA:122,0
DA:124,0
DA:125,0
DA:126,0
DA:127,0
DA:128,0
DA:132,0
DA:133,0
DA:135,0
DA:137,0
DA:142,0
DA:143,0
DA:146,0
DA:147,0
DA:150,0
DA:151,0
DA:154,0
DA:155,0
DA:158,0
DA:159,0
DA:162,0
DA:163,0
DA:167,0
DA:170,0
DA:175,0
DA:176,0
DA:177,0
DA:178,0
DA:182,0
DA:185,0
DA:191,0
DA:192,0
DA:193,0
DA:200,0
DA:205,0
DA:211,0
DA:212,0
DA:214,0
DA:215,0
DA:227,0
DA:228,0
DA:230,0
DA:233,0
DA:234,0
DA:237,0
DA:240,0
DA:243,0
DA:244,0
DA:253,0
DA:261,0
DA:273,0
DA:275,0
DA:276,0
DA:279,0
DA:280,0
DA:283,0
DA:284,0
DA:285,0
DA:288,0
DA:291,0
DA:292,0
DA:293,0
DA:294,0
DA:295,0
DA:298,0
DA:299,0
DA:300,0
DA:301,0
DA:302,0
DA:304,0
DA:305,0
DA:309,0
DA:310,0
DA:311,0
DA:312,0
DA:313,0
DA:315,0
DA:316,0
DA:322,0
DA:323,0
DA:324,0
DA:325,0
DA:326,0
DA:331,0
DA:332,0
DA:335,0
DA:336,0
DA:337,0
DA:338,0
DA:339,0
DA:341,0
DA:342,0
DA:346,0
DA:347,0
DA:348,0
DA:349,0
DA:350,0
DA:352,0
DA:353,0
DA:358,0
DA:361,0
DA:456,0
DA:457,0
DA:458,0
DA:460,0
DA:469,0
DA:470,0
DA:472,0
DA:473,0
DA:477,0
DA:479,0
DA:482,0
DA:483,0
DA:486,0
DA:487,0
DA:491,0
DA:492,0
DA:494,0
DA:495,0
DA:499,0
DA:501,0
DA:502,0
DA:503,0
DA:506,0
DA:508,0
DA:511,0
DA:514,0
DA:515,0
DA:516,0
DA:519,0
DA:520,0
DA:521,0
DA:524,0
DA:525,0
DA:529,0
DA:530,0
DA:531,0
DA:534,0
DA:535,0
DA:536,0
DA:538,0
DA:543,0
DA:544,0
DA:546,0
DA:553,0
DA:560,0
DA:563,0
DA:564,0
LF:184
LH:0
BRDA:7,0,0,0
BRDA:7,0,1,0
BRDA:7,0,2,0
BRDA:55,1,0,0
BRDA:55,1,1,0
BRDA:59,2,0,0
BRDA:64,3,0,0
BRDA:83,4,0,0
BRDA:83,5,0,0
BRDA:83,5,1,0
BRDA:83,5,2,0
BRDA:88,6,0,0
BRDA:88,7,0,0
BRDA:88,7,1,0
BRDA:88,7,2,0
BRDA:93,8,0,0
BRDA:93,9,0,0
BRDA:93,9,1,0
BRDA:93,9,2,0
BRDA:98,10,0,0
BRDA:98,11,0,0
BRDA:98,11,1,0
BRDA:98,11,2,0
BRDA:103,12,0,0
BRDA:103,13,0,0
BRDA:103,13,1,0
BRDA:108,14,0,0
BRDA:108,15,0,0
BRDA:108,15,1,0
BRDA:108,15,2,0
BRDA:113,16,0,0
BRDA:113,17,0,0
BRDA:113,17,1,0
BRDA:113,17,2,0
BRDA:126,18,0,0
BRDA:127,19,0,0
BRDA:128,20,0,0
BRDA:146,21,0,0
BRDA:146,22,0,0
BRDA:146,22,1,0
BRDA:150,23,0,0
BRDA:150,24,0,0
BRDA:150,24,1,0
BRDA:154,25,0,0
BRDA:154,26,0,0
BRDA:154,26,1,0
BRDA:158,27,0,0
BRDA:162,28,0,0
BRDA:162,29,0,0
BRDA:162,29,1,0
BRDA:177,30,0,0
BRDA:194,31,0,0
BRDA:194,31,1,0
BRDA:211,32,0,0
BRDA:211,32,1,0
BRDA:212,33,0,0
BRDA:212,33,1,0
BRDA:228,34,0,0
BRDA:243,35,0,0
BRDA:243,36,0,0
BRDA:243,36,1,0
BRDA:279,37,0,0
BRDA:279,37,1,0
BRDA:279,38,0,0
BRDA:279,38,1,0
BRDA:285,39,0,0
BRDA:285,39,1,0
BRDA:291,40,0,0
BRDA:291,40,1,0
BRDA:292,41,0,0
BRDA:298,42,0,0
BRDA:298,43,0,0
BRDA:298,43,1,0
BRDA:298,43,2,0
BRDA:304,44,0,0
BRDA:309,45,0,0
BRDA:309,46,0,0
BRDA:309,46,1,0
BRDA:309,46,2,0
BRDA:315,47,0,0
BRDA:323,48,0,0
BRDA:335,49,0,0
BRDA:335,50,0,0
BRDA:335,50,1,0
BRDA:335,50,2,0
BRDA:341,51,0,0
BRDA:346,52,0,0
BRDA:346,53,0,0
BRDA:346,53,1,0
BRDA:346,53,2,0
BRDA:352,54,0,0
BRDA:469,55,0,0
BRDA:469,55,1,0
BRDA:470,56,0,0
BRDA:482,57,0,0
BRDA:482,57,1,0
BRDA:486,58,0,0
BRDA:494,59,0,0
BRDA:494,60,0,0
BRDA:494,60,1,0
BRDA:494,60,2,0
BRDA:502,61,0,0
BRDA:502,61,1,0
BRDA:520,62,0,0
BRDA:520,62,1,0
BRDA:530,63,0,0
BRDA:530,63,1,0
BRDA:535,64,0,0
BRDA:535,64,1,0
BRDA:547,65,0,0
BRDA:547,65,1,0
BRF:111
BRH:0
end_of_record
TN:
SF:services\agentic\AgenticOrchestrator.ts
FN:68,(anonymous_0)
FN:81,(anonymous_1)
FN:100,(anonymous_2)
FN:101,(anonymous_3)
FN:130,(anonymous_4)
FN:193,(anonymous_5)
FN:325,(anonymous_6)
FN:387,(anonymous_7)
FN:405,(anonymous_8)
FN:416,(anonymous_9)
FN:555,(anonymous_10)
FN:677,(anonymous_11)
FN:763,(anonymous_12)
FN:885,(anonymous_13)
FN:913,(anonymous_14)
FN:952,(anonymous_15)
FN:966,(anonymous_16)
FN:978,(anonymous_17)
FN:992,(anonymous_18)
FN:1005,(anonymous_19)
FN:1009,(anonymous_20)
FN:1010,(anonymous_21)
FN:1026,(anonymous_22)
FN:1046,(anonymous_23)
FN:1049,(anonymous_24)
FN:1050,(anonymous_25)
FN:1068,(anonymous_26)
FN:1106,(anonymous_27)
FN:1149,(anonymous_28)
FN:1151,(anonymous_29)
FN:1164,(anonymous_30)
FN:1184,(anonymous_31)
FN:1195,(anonymous_32)
FN:1202,(anonymous_33)
FN:1215,(anonymous_34)
FN:1228,(anonymous_35)
FN:1237,(anonymous_36)
FN:1246,(anonymous_37)
FN:1261,(anonymous_38)
FN:1288,(anonymous_39)
FN:1318,(anonymous_40)
FN:1342,(anonymous_41)
FN:1365,(anonymous_42)
FN:1394,(anonymous_43)
FN:1416,(anonymous_44)
FN:1437,(anonymous_45)
FN:1448,(anonymous_46)
FN:1460,(anonymous_47)
FN:1487,(anonymous_48)
FN:1499,(anonymous_49)
FN:1506,(anonymous_50)
FN:1516,(anonymous_51)
FN:1523,(anonymous_52)
FN:1530,(anonymous_53)
FN:1544,(anonymous_54)
FNF:55
FNH:0
FNDA:0,(anonymous_0)
FNDA:0,(anonymous_1)
FNDA:0,(anonymous_2)
FNDA:0,(anonymous_3)
FNDA:0,(anonymous_4)
FNDA:0,(anonymous_5)
FNDA:0,(anonymous_6)
FNDA:0,(anonymous_7)
FNDA:0,(anonymous_8)
FNDA:0,(anonymous_9)
FNDA:0,(anonymous_10)
FNDA:0,(anonymous_11)
FNDA:0,(anonymous_12)
FNDA:0,(anonymous_13)
FNDA:0,(anonymous_14)
FNDA:0,(anonymous_15)
FNDA:0,(anonymous_16)
FNDA:0,(anonymous_17)
FNDA:0,(anonymous_18)
FNDA:0,(anonymous_19)
FNDA:0,(anonymous_20)
FNDA:0,(anonymous_21)
FNDA:0,(anonymous_22)
FNDA:0,(anonymous_23)
FNDA:0,(anonymous_24)
FNDA:0,(anonymous_25)
FNDA:0,(anonymous_26)
FNDA:0,(anonymous_27)
FNDA:0,(anonymous_28)
FNDA:0,(anonymous_29)
FNDA:0,(anonymous_30)
FNDA:0,(anonymous_31)
FNDA:0,(anonymous_32)
FNDA:0,(anonymous_33)
FNDA:0,(anonymous_34)
FNDA:0,(anonymous_35)
FNDA:0,(anonymous_36)
FNDA:0,(anonymous_37)
FNDA:0,(anonymous_38)
FNDA:0,(anonymous_39)
FNDA:0,(anonymous_40)
FNDA:0,(anonymous_41)
FNDA:0,(anonymous_42)
FNDA:0,(anonymous_43)
FNDA:0,(anonymous_44)
FNDA:0,(anonymous_45)
FNDA:0,(anonymous_46)
FNDA:0,(anonymous_47)
FNDA:0,(anonymous_48)
FNDA:0,(anonymous_49)
FNDA:0,(anonymous_50)
FNDA:0,(anonymous_51)
FNDA:0,(anonymous_52)
FNDA:0,(anonymous_53)
FNDA:0,(anonymous_54)
DA:11,0
DA:34,0
DA:35,0
DA:40,0
DA:61,0
DA:63,0
DA:64,0
DA:65,0
DA:69,0
DA:70,0
DA:71,0
DA:85,0
DA:86,0
DA:88,0
DA:95,0
DA:96,0
DA:98,0
DA:100,0
DA:101,0
DA:105,0
DA:110,0
DA:115,0
DA:118,0
DA:123,0
DA:131,0
DA:132,0
DA:136,0
DA:137,0
DA:138,0
DA:142,0
DA:143,0
DA:144,0
DA:148,0
DA:149,0
DA:151,0
DA:152,0
DA:153,0
DA:154,0
DA:157,0
DA:162,0
DA:165,0
DA:167,0
DA:168,0
DA:170,0
DA:171,0
DA:174,0
DA:175,0
DA:181,0
DA:194,0
DA:195,0
DA:197,0
DA:198,0
DA:200,0
DA:201,0
DA:202,0
DA:205,0
DA:226,0
DA:227,0
DA:230,0
DA:231,0
DA:234,0
DA:235,0
DA:237,0
DA:238,0
DA:239,0
DA:240,0
DA:243,0
DA:244,0
DA:247,0
DA:248,0
DA:249,0
DA:250,0
DA:256,0
DA:257,0
DA:263,0
DA:264,0
DA:265,0
DA:266,0
DA:268,0
DA:269,0
DA:271,0
DA:272,0
DA:278,0
DA:279,0
DA:282,0
DA:283,0
DA:286,0
DA:287,0
DA:290,0
DA:291,0
DA:293,0
DA:301,0
DA:302,0
DA:326,0
DA:327,0
DA:329,0
DA:331,0
DA:332,0
DA:333,0
DA:337,0
DA:340,0
DA:342,0
DA:343,0
DA:347,0
DA:349,0
DA:350,0
DA:352,0
DA:363,0
DA:366,0
DA:388,0
DA:389,0
DA:391,0
DA:392,0
DA:395,0
DA:396,0
DA:397,0
DA:399,0
DA:400,0
DA:401,0
DA:405,0
DA:406,0
DA:413,0
DA:414,0
DA:416,0
DA:417,0
DA:419,0
DA:420,0
DA:422,0
DA:431,0
DA:432,0
DA:435,0
DA:439,0
DA:445,0
DA:446,0
DA:451,0
DA:452,0
DA:455,0
DA:460,0
DA:461,0
DA:462,0
DA:465,0
DA:471,0
DA:473,0
DA:474,0
DA:481,0
DA:482,0
DA:491,0
DA:492,0
DA:498,0
DA:499,0
DA:502,0
DA:503,0
DA:508,0
DA:516,0
DA:517,0
DA:520,0
DA:531,0
DA:556,0
DA:557,0
DA:559,0
DA:561,0
DA:562,0
DA:575,0
DA:582,0
DA:583,0
DA:584,0
DA:586,0
DA:597,0
DA:598,0
DA:599,0
DA:600,0
DA:604,0
DA:605,0
DA:608,0
DA:609,0
DA:613,0
DA:614,0
DA:618,0
DA:619,0
DA:620,0
DA:621,0
DA:623,0
DA:626,0
DA:627,0
DA:634,0
DA:644,0
DA:646,0
DA:678,0
DA:679,0
DA:681,0
DA:682,0
DA:684,0
DA:686,0
DA:689,0
DA:690,0
DA:692,0
DA:696,0
DA:697,0
DA:699,0
DA:700,0
DA:702,0
DA:713,0
DA:717,0
DA:718,0
DA:723,0
DA:725,0
DA:741,0
DA:743,0
DA:765,0
DA:767,0
DA:769,0
DA:776,0
DA:783,0
DA:787,0
DA:790,0
DA:791,0
DA:801,0
DA:810,0
DA:819,0
DA:826,0
DA:829,0
DA:836,0
DA:843,0
DA:846,0
DA:853,0
DA:856,0
DA:863,0
DA:872,0
DA:886,0
DA:888,0
DA:891,0
DA:895,0
DA:899,0
DA:903,0
DA:906,0
DA:914,0
DA:917,0
DA:920,0
DA:921,0
DA:923,0
DA:924,0
DA:925,0
DA:926,0
DA:927,0
DA:928,0
DA:929,0
DA:930,0
DA:931,0
DA:932,0
DA:933,0
DA:934,0
DA:937,0
DA:938,0
DA:942,0
DA:953,0
DA:956,0
DA:967,0
DA:968,0
DA:972,0
DA:979,0
DA:982,0
DA:993,0
DA:994,0
DA:997,0
DA:999,0
DA:1000,0
DA:1002,0
DA:1005,0
DA:1009,0
DA:1010,0
DA:1027,0
DA:1028,0
DA:1031,0
DA:1033,0
DA:1039,0
DA:1041,0
DA:1042,0
DA:1044,0
DA:1046,0
DA:1049,0
DA:1050,0
DA:1069,0
DA:1071,0
DA:1107,0
DA:1109,0
DA:1110,0
DA:1113,0
DA:1125,0
DA:1137,0
DA:1143,0
DA:1150,0
DA:1151,0
DA:1152,0
DA:1153,0
DA:1155,0
DA:1165,0
DA:1172,0
DA:1175,0
DA:1176,0
DA:1177,0
DA:1185,0
DA:1186,0
DA:1187,0
DA:1189,0
DA:1196,0
DA:1203,0
DA:1204,0
DA:1205,0
DA:1206,0
DA:1209,0
DA:1216,0
DA:1217,0
DA:1218,0
DA:1219,0
DA:1222,0
DA:1229,0
DA:1231,0
DA:1232,0
DA:1236,0
DA:1237,0
DA:1238,0
DA:1241,0
DA:1242,0
DA:1246,0
DA:1247,0
DA:1248,0
DA:1251,0
DA:1252,0
DA:1255,0
DA:1262,0
DA:1289,0
DA:1292,0
DA:1297,0
DA:1304,0
DA:1320,0
DA:1343,0
DA:1370,0
DA:1371,0
DA:1372,0
DA:1375,0
DA:1376,0
DA:1380,0
DA:1381,0
DA:1382,0
DA:1383,0
DA:1388,0
DA:1395,0
DA:1422,0
DA:1438,0
DA:1449,0
DA:1461,0
DA:1479,0
DA:1488,0
DA:1491,0
DA:1492,0
DA:1500,0
DA:1507,0
DA:1508,0
DA:1509,0
DA:1517,0
DA:1524,0
DA:1531,0
DA:1544,0
DA:1545,0
DA:1551,0
LF:365
LH:0
BRDA:120,0,0,0
BRDA:120,0,1,0
BRDA:131,1,0,0
BRDA:137,2,0,0
BRDA:143,3,0,0
BRDA:149,4,0,0
BRDA:151,5,0,0
BRDA:151,5,1,0
BRDA:153,6,0,0
BRDA:157,7,0,0
BRDA:157,7,1,0
BRDA:165,8,0,0
BRDA:165,8,1,0
BRDA:168,9,0,0
BRDA:170,10,0,0
BRDA:174,11,0,0
BRDA:201,12,0,0
BRDA:234,13,0,0
BRDA:238,14,0,0
BRDA:238,15,0,0
BRDA:238,15,1,0
BRDA:243,16,0,0
BRDA:243,16,1,0
BRDA:249,17,0,0
BRDA:249,18,0,0
BRDA:249,18,1,0
BRDA:249,18,2,0
BRDA:263,19,0,0
BRDA:265,20,0,0
BRDA:265,20,1,0
BRDA:266,21,0,0
BRDA:266,21,1,0
BRDA:271,22,0,0
BRDA:272,23,0,0
BRDA:278,24,0,0
BRDA:282,25,0,0
BRDA:286,26,0,0
BRDA:310,27,0,0
BRDA:310,27,1,0
BRDA:332,28,0,0
BRDA:342,29,0,0
BRDA:343,30,0,0
BRDA:343,30,1,0
BRDA:355,31,0,0
BRDA:355,31,1,0
BRDA:359,32,0,0
BRDA:359,32,1,0
BRDA:400,33,0,0
BRDA:413,34,0,0
BRDA:413,34,1,0
BRDA:413,35,0,0
BRDA:413,35,1,0
BRDA:417,36,0,0
BRDA:417,37,0,0
BRDA:417,37,1,0
BRDA:419,38,0,0
BRDA:419,38,1,0
BRDA:451,39,0,0
BRDA:451,40,0,0
BRDA:451,40,1,0
BRDA:461,41,0,0
BRDA:471,42,0,0
BRDA:471,42,1,0
BRDA:498,43,0,0
BRDA:516,44,0,0
BRDA:516,44,1,0
BRDA:517,45,0,0
BRDA:517,45,1,0
BRDA:523,46,0,0
BRDA:523,46,1,0
BRDA:525,47,0,0
BRDA:525,47,1,0
BRDA:537,48,0,0
BRDA:537,48,1,0
BRDA:541,49,0,0
BRDA:541,49,1,0
BRDA:582,50,0,0
BRDA:597,51,0,0
BRDA:604,52,0,0
BRDA:608,53,0,0
BRDA:618,54,0,0
BRDA:618,54,1,0
BRDA:620,55,0,0
BRDA:620,55,1,0
BRDA:653,56,0,0
BRDA:653,56,1,0
BRDA:699,57,0,0
BRDA:717,58,0,0
BRDA:767,59,0,0
BRDA:767,59,1,0
BRDA:767,59,2,0
BRDA:767,59,3,0
BRDA:767,59,4,0
BRDA:787,60,0,0
BRDA:787,60,1,0
BRDA:790,61,0,0
BRDA:790,62,0,0
BRDA:790,62,1,0
BRDA:888,63,0,0
BRDA:888,63,1,0
BRDA:888,63,2,0
BRDA:888,63,3,0
BRDA:888,63,4,0
BRDA:917,64,0,0
BRDA:917,64,1,0
BRDA:923,65,0,0
BRDA:923,65,1,0
BRDA:923,66,0,0
BRDA:923,66,1,0
BRDA:926,67,0,0
BRDA:926,67,1,0
BRDA:926,68,0,0
BRDA:926,68,1,0
BRDA:929,69,0,0
BRDA:929,69,1,0
BRDA:932,70,0,0
BRDA:937,71,0,0
BRDA:967,72,0,0
BRDA:993,73,0,0
BRDA:1003,74,0,0
BRDA:1003,74,1,0
BRDA:1027,75,0,0
BRDA:1107,76,0,0
BRDA:1150,77,0,0
BRDA:1175,78,0,0
BRDA:1176,79,0,0
BRDA:1176,79,1,0
BRDA:1176,80,0,0
BRDA:1176,80,1,0
BRDA:1177,81,0,0
BRDA:1177,81,1,0
BRDA:1203,82,0,0
BRDA:1203,83,0,0
BRDA:1203,83,1,0
BRDA:1205,84,0,0
BRDA:1205,85,0,0
BRDA:1205,85,1,0
BRDA:1206,86,0,0
BRDA:1206,86,1,0
BRDA:1216,87,0,0
BRDA:1216,88,0,0
BRDA:1216,88,1,0
BRDA:1218,89,0,0
BRDA:1231,90,0,0
BRDA:1231,91,0,0
BRDA:1231,91,1,0
BRDA:1241,92,0,0
BRDA:1248,93,0,0
BRDA:1248,93,1,0
BRDA:1251,94,0,0
BRDA:1309,95,0,0
BRDA:1309,95,1,0
BRDA:1375,96,0,0
BRDA:1375,97,0,0
BRDA:1375,97,1,0
BRDA:1381,98,0,0
BRDA:1382,99,0,0
BRDA:1405,100,0,0
BRDA:1405,100,1,0
BRDA:1406,101,0,0
BRDA:1406,101,1,0
BRDA:1479,102,0,0
BRDA:1479,102,1,0
BRDA:1491,103,0,0
BRDA:1507,104,0,0
BRDA:1507,105,0,0
BRDA:1507,105,1,0
BRDA:1534,106,0,0
BRDA:1534,106,1,0
BRDA:1535,107,0,0
BRDA:1535,107,1,0
BRF:171
BRH:0
end_of_record
TN:
SF:services\agentic\config.ts
FNF:0
FNH:0
DA:10,0
DA:25,0
DA:37,0
DA:50,0
LF:4
LH:0
BRF:0
BRH:0
end_of_record
TN:
SF:services\agentic\dataValidationUtils.ts
FN:70,(anonymous_0)
FN:92,(anonymous_1)
FN:113,(anonymous_2)
FN:210,(anonymous_3)
FN:211,(anonymous_4)
FN:222,(anonymous_5)
FN:270,(anonymous_6)
FN:290,(anonymous_7)
FN:306,(anonymous_8)
FN:311,(anonymous_9)
FN:328,(anonymous_10)
FN:360,createValidationError
FN:371,createValidationWarning
FNF:13
FNH:0
FNDA:0,(anonymous_0)
FNDA:0,(anonymous_1)
FNDA:0,(anonymous_2)
FNDA:0,(anonymous_3)
FNDA:0,(anonymous_4)
FNDA:0,(anonymous_5)
FNDA:0,(anonymous_6)
FNDA:0,(anonymous_7)
FNDA:0,(anonymous_8)
FNDA:0,(anonymous_9)
FNDA:0,(anonymous_10)
FNDA:0,createValidationError
FNDA:0,createValidationWarning
DA:50,0
DA:61,0
DA:75,0
DA:76,0
DA:79,0
DA:80,0
DA:92,0
DA:93,0
DA:96,0
DA:97,0
DA:105,0
DA:106,0
DA:107,0
DA:113,0
DA:114,0
DA:117,0
DA:118,0
DA:119,0
DA:128,0
DA:130,0
DA:131,0
DA:136,0
DA:137,0
DA:145,0
DA:146,0
DA:151,0
DA:152,0
DA:160,0
DA:161,0
DA:168,0
DA:179,0
DA:180,0
DA:188,0
DA:189,0
DA:197,0
DA:211,0
DA:212,0
DA:219,0
DA:220,0
DA:222,0
DA:223,0
DA:225,0
DA:226,0
DA:232,0
DA:238,0
DA:240,0
DA:251,0
DA:252,0
DA:254,0
DA:255,0
DA:258,0
DA:271,0
DA:272,0
DA:274,0
DA:275,0
DA:276,0
DA:278,0
DA:281,0
DA:291,0
DA:307,0
DA:308,0
DA:311,0
DA:313,0
DA:328,0
DA:330,0
DA:331,0
DA:334,0
DA:335,0
DA:336,0
DA:339,0
DA:340,0
DA:341,0
DA:344,0
DA:345,0
DA:346,0
DA:349,0
DA:350,0
DA:351,0
DA:354,0
DA:360,0
DA:365,0
DA:371,0
DA:377,0
LF:83
LH:0
BRDA:73,0,0,0
BRDA:79,1,0,0
BRDA:96,2,0,0
BRDA:96,3,0,0
BRDA:96,3,1,0
BRDA:105,4,0,0
BRDA:106,5,0,0
BRDA:106,5,1,0
BRDA:106,6,0,0
BRDA:106,6,1,0
BRDA:117,7,0,0
BRDA:117,7,1,0
BRDA:118,8,0,0
BRDA:128,9,0,0
BRDA:128,9,1,0
BRDA:128,10,0,0
BRDA:128,10,1,0
BRDA:130,11,0,0
BRDA:130,11,1,0
BRDA:130,12,0,0
BRDA:130,12,1,0
BRDA:136,13,0,0
BRDA:136,14,0,0
BRDA:136,14,1,0
BRDA:145,15,0,0
BRDA:145,15,1,0
BRDA:145,16,0,0
BRDA:145,16,1,0
BRDA:151,17,0,0
BRDA:151,18,0,0
BRDA:151,18,1,0
BRDA:160,19,0,0
BRDA:160,20,0,0
BRDA:160,20,1,0
BRDA:179,21,0,0
BRDA:179,22,0,0
BRDA:179,22,1,0
BRDA:188,23,0,0
BRDA:188,24,0,0
BRDA:188,24,1,0
BRDA:213,25,0,0
BRDA:213,25,1,0
BRDA:215,26,0,0
BRDA:215,26,1,0
BRDA:219,27,0,0
BRDA:223,28,0,0
BRDA:223,28,1,0
BRDA:225,29,0,0
BRDA:225,29,1,0
BRDA:227,30,0,0
BRDA:227,30,1,0
BRDA:238,31,0,0
BRDA:238,32,0,0
BRDA:238,32,1,0
BRDA:241,33,0,0
BRDA:241,33,1,0
BRDA:242,34,0,0
BRDA:242,34,1,0
BRDA:243,35,0,0
BRDA:243,35,1,0
BRDA:244,36,0,0
BRDA:244,36,1,0
BRDA:251,37,0,0
BRDA:252,38,0,0
BRDA:252,38,1,0
BRDA:254,39,0,0
BRDA:255,40,0,0
BRDA:255,40,1,0
BRDA:275,41,0,0
BRDA:281,42,0,0
BRDA:281,42,1,0
BRDA:292,43,0,0
BRDA:292,43,1,0
BRDA:292,43,2,0
BRDA:292,43,3,0
BRDA:292,43,4,0
BRDA:292,43,5,0
BRDA:307,44,0,0
BRDA:307,45,0,0
BRDA:307,45,1,0
BRDA:313,46,0,0
BRDA:313,46,1,0
BRDA:313,46,2,0
BRDA:313,46,3,0
BRDA:313,46,4,0
BRDA:328,47,0,0
BRDA:328,47,1,0
BRF:87
BRH:0
end_of_record
TN:
SF:services\agentic\demo.ts
FN:19,integrateWithDocumentSpace
FN:78,createReactIntegrationHook
FN:176,batchProcessingDemo
FN:239,(anonymous_3)
FN:249,realTimeProgressDemo
FN:274,(anonymous_5)
FN:317,errorHandlingDemo
FN:343,(anonymous_7)
FN:366,(anonymous_8)
FN:378,workflowIntegrationDemo
FN:382,completeWorkflow
FN:436,runAllDemos
FNF:12
FNH:0
FNDA:0,integrateWithDocumentSpace
FNDA:0,createReactIntegrationHook
FNDA:0,batchProcessingDemo
FNDA:0,(anonymous_3)
FNDA:0,realTimeProgressDemo
FNDA:0,(anonymous_5)
FNDA:0,errorHandlingDemo
FNDA:0,(anonymous_7)
FNDA:0,(anonymous_8)
FNDA:0,workflowIntegrationDemo
FNDA:0,completeWorkflow
FNDA:0,runAllDemos
DA:7,0
DA:14,0
DA:19,0
DA:20,0
DA:23,0
DA:48,0
DA:51,0
DA:61,0
DA:62,0
DA:63,0
DA:64,0
DA:67,0
DA:68,0
DA:70,0
DA:71,0
DA:78,0
DA:79,0
DA:82,0
DA:169,0
DA:170,0
DA:176,0
DA:177,0
DA:180,0
DA:205,0
DA:207,0
DA:208,0
DA:210,0
DA:211,0
DA:212,0
DA:214,0
DA:215,0
DA:220,0
DA:226,0
DA:228,0
DA:229,0
DA:237,0
DA:238,0
DA:239,0
DA:240,0
DA:243,0
DA:249,0
DA:250,0
DA:252,0
DA:267,0
DA:272,0
DA:274,0
DA:275,0
DA:278,0
DA:279,0
DA:280,0
DA:282,0
DA:283,0
DA:287,0
DA:288,0
DA:291,0
DA:292,0
DA:295,0
DA:296,0
DA:300,0
DA:302,0
DA:303,0
DA:308,0
DA:310,0
DA:317,0
DA:318,0
DA:321,0
DA:335,0
DA:341,0
DA:343,0
DA:344,0
DA:345,0
DA:349,0
DA:350,0
DA:355,0
DA:356,0
DA:357,0
DA:359,0
DA:360,0
DA:364,0
DA:365,0
DA:366,0
DA:367,0
DA:371,0
DA:378,0
DA:379,0
DA:383,0
DA:385,0
DA:396,0
DA:398,0
DA:400,0
DA:402,0
DA:403,0
DA:408,0
DA:409,0
DA:411,0
DA:412,0
DA:413,0
DA:415,0
DA:417,0
DA:419,0
DA:421,0
DA:425,0
DA:426,0
DA:427,0
DA:429,0
DA:436,0
DA:437,0
DA:438,0
DA:440,0
DA:441,0
DA:442,0
DA:444,0
DA:445,0
DA:447,0
DA:448,0
DA:450,0
DA:451,0
DA:453,0
DA:454,0
DA:456,0
DA:458,0
DA:459,0
DA:462,0
DA:467,0
DA:468,0
LF:125
LH:0
BRDA:61,0,0,0
BRDA:61,0,1,0
BRDA:232,1,0,0
BRDA:232,1,1,0
BRDA:240,2,0,0
BRDA:240,2,1,0
BRDA:278,3,0,0
BRDA:287,4,0,0
BRDA:291,5,0,0
BRDA:295,6,0,0
BRDA:308,7,0,0
BRDA:308,7,1,0
BRDA:344,8,0,0
BRDA:355,9,0,0
BRDA:355,9,1,0
BRDA:408,10,0,0
BRDA:408,10,1,0
BRDA:467,11,0,0
BRF:18
BRH:0
end_of_record
TN:
SF:services\agentic\enhancedLogger.ts
FN:10,(anonymous_0)
FN:74,(anonymous_1)
FN:81,(anonymous_2)
FN:88,(anonymous_3)
FN:100,(anonymous_4)
FN:137,(anonymous_5)
FN:173,(anonymous_6)
FN:198,(anonymous_7)
FN:210,(anonymous_8)
FN:222,(anonymous_9)
FN:234,(anonymous_10)
FN:243,(anonymous_11)
FN:254,(anonymous_12)
FN:302,(anonymous_13)
FN:309,(anonymous_14)
FN:316,(anonymous_15)
FN:317,(anonymous_16)
FN:323,(anonymous_17)
FN:332,(anonymous_18)
FN:333,(anonymous_19)
FN:339,(anonymous_20)
FN:340,(anonymous_21)
FN:346,(anonymous_22)
FN:354,(anonymous_23)
FN:369,(anonymous_24)
FN:373,(anonymous_25)
FN:374,(anonymous_26)
FN:383,(anonymous_27)
FN:389,(anonymous_28)
FN:395,(anonymous_29)
FN:420,(anonymous_30)
FN:429,(anonymous_31)
FN:438,(anonymous_32)
FN:454,(anonymous_33)
FNF:34
FNH:0
FNDA:0,(anonymous_0)
FNDA:0,(anonymous_1)
FNDA:0,(anonymous_2)
FNDA:0,(anonymous_3)
FNDA:0,(anonymous_4)
FNDA:0,(anonymous_5)
FNDA:0,(anonymous_6)
FNDA:0,(anonymous_7)
FNDA:0,(anonymous_8)
FNDA:0,(anonymous_9)
FNDA:0,(anonymous_10)
FNDA:0,(anonymous_11)
FNDA:0,(anonymous_12)
FNDA:0,(anonymous_13)
FNDA:0,(anonymous_14)
FNDA:0,(anonymous_15)
FNDA:0,(anonymous_16)
FNDA:0,(anonymous_17)
FNDA:0,(anonymous_18)
FNDA:0,(anonymous_19)
FNDA:0,(anonymous_20)
FNDA:0,(anonymous_21)
FNDA:0,(anonymous_22)
FNDA:0,(anonymous_23)
FNDA:0,(anonymous_24)
FNDA:0,(anonymous_25)
FNDA:0,(anonymous_26)
FNDA:0,(anonymous_27)
FNDA:0,(anonymous_28)
FNDA:0,(anonymous_29)
FNDA:0,(anonymous_30)
FNDA:0,(anonymous_31)
FNDA:0,(anonymous_32)
FNDA:0,(anonymous_33)
DA:10,0
DA:11,0
DA:12,0
DA:13,0
DA:14,0
DA:67,0
DA:68,0
DA:69,0
DA:75,0
DA:82,0
DA:89,0
DA:106,0
DA:124,0
DA:126,0
DA:127,0
DA:146,0
DA:159,0
DA:161,0
DA:162,0
DA:178,0
DA:185,0
DA:187,0
DA:188,0
DA:199,0
DA:200,0
DA:211,0
DA:212,0
DA:223,0
DA:224,0
DA:235,0
DA:236,0
DA:244,0
DA:245,0
DA:246,0
DA:248,0
DA:255,0
DA:256,0
DA:257,0
DA:260,0
DA:261,0
DA:264,0
DA:265,0
DA:268,0
DA:269,0
DA:272,0
DA:273,0
DA:276,0
DA:277,0
DA:280,0
DA:281,0
DA:284,0
DA:285,0
DA:288,0
DA:289,0
DA:290,0
DA:293,0
DA:295,0
DA:303,0
DA:310,0
DA:317,0
DA:326,0
DA:333,0
DA:340,0
DA:353,0
DA:355,0
DA:359,0
DA:360,0
DA:369,0
DA:371,0
DA:373,0
DA:374,0
DA:388,0
DA:389,0
DA:392,0
DA:393,0
DA:395,0
DA:397,0
DA:400,0
DA:401,0
DA:404,0
DA:415,0
DA:421,0
DA:422,0
DA:423,0
DA:430,0
DA:431,0
DA:432,0
DA:443,0
DA:444,0
DA:445,0
DA:447,0
DA:459,0
DA:460,0
DA:461,0
DA:463,0
LF:95
LH:0
BRDA:10,0,0,0
BRDA:10,0,1,0
BRDA:110,1,0,0
BRDA:110,1,1,0
BRDA:111,2,0,0
BRDA:111,2,1,0
BRDA:112,3,0,0
BRDA:112,3,1,0
BRDA:112,4,0,0
BRDA:112,4,1,0
BRDA:113,5,0,0
BRDA:113,5,1,0
BRDA:116,6,0,0
BRDA:116,6,1,0
BRDA:117,7,0,0
BRDA:117,7,1,0
BRDA:118,8,0,0
BRDA:118,8,1,0
BRDA:118,9,0,0
BRDA:118,9,1,0
BRDA:119,10,0,0
BRDA:119,10,1,0
BRDA:126,11,0,0
BRDA:154,12,0,0
BRDA:154,12,1,0
BRDA:161,13,0,0
BRDA:187,14,0,0
BRDA:188,15,0,0
BRDA:188,15,1,0
BRDA:199,16,0,0
BRDA:200,17,0,0
BRDA:200,17,1,0
BRDA:211,18,0,0
BRDA:212,19,0,0
BRDA:212,19,1,0
BRDA:223,20,0,0
BRDA:224,21,0,0
BRDA:224,21,1,0
BRDA:235,22,0,0
BRDA:236,23,0,0
BRDA:236,23,1,0
BRDA:254,24,0,0
BRDA:254,25,0,0
BRDA:256,26,0,0
BRDA:260,27,0,0
BRDA:264,28,0,0
BRDA:268,29,0,0
BRDA:272,30,0,0
BRDA:272,31,0,0
BRDA:272,31,1,0
BRDA:276,32,0,0
BRDA:280,33,0,0
BRDA:284,34,0,0
BRDA:288,35,0,0
BRDA:290,36,0,0
BRDA:290,36,1,0
BRDA:333,37,0,0
BRDA:333,37,1,0
BRDA:340,38,0,0
BRDA:340,38,1,0
BRDA:355,39,0,0
BRDA:355,39,1,0
BRDA:355,39,2,0
BRDA:359,40,0,0
BRDA:397,41,0,0
BRDA:397,41,1,0
BRDA:400,42,0,0
BRDA:400,42,1,0
BRDA:401,43,0,0
BRDA:401,43,1,0
BRF:70
BRH:0
end_of_record
TN:
SF:services\agentic\example.ts
FN:21,basicExample
FN:65,withProgressExample
FN:107,advancedExample
FN:120,(anonymous_3)
FN:177,(anonymous_4)
FN:193,errorHandlingExample
FN:219,(anonymous_6)
FN:242,validationExample
FN:260,(anonymous_8)
FN:271,realWorldExample
FN:337,(anonymous_10)
FN:349,(anonymous_11)
FN:362,main
FNF:13
FNH:0
FNDA:0,basicExample
FNDA:0,withProgressExample
FNDA:0,advancedExample
FNDA:0,(anonymous_3)
FNDA:0,(anonymous_4)
FNDA:0,errorHandlingExample
FNDA:0,(anonymous_6)
FNDA:0,validationExample
FNDA:0,(anonymous_8)
FNDA:0,realWorldExample
FNDA:0,(anonymous_10)
FNDA:0,(anonymous_11)
FNDA:0,main
DA:7,0
DA:22,0
DA:25,0
DA:49,0
DA:52,0
DA:55,0
DA:56,0
DA:57,0
DA:58,0
DA:59,0
DA:66,0
DA:68,0
DA:84,0
DA:87,0
DA:90,0
DA:101,0
DA:108,0
DA:111,0
DA:120,0
DA:121,0
DA:124,0
DA:125,0
DA:129,0
DA:130,0
DA:135,0
DA:168,0
DA:170,0
DA:172,0
DA:175,0
DA:176,0
DA:177,0
DA:178,0
DA:182,0
DA:183,0
DA:186,0
DA:194,0
DA:196,0
DA:202,0
DA:217,0
DA:219,0
DA:220,0
DA:221,0
DA:225,0
DA:226,0
DA:228,0
DA:229,0
DA:231,0
DA:232,0
DA:235,0
DA:243,0
DA:246,0
DA:256,0
DA:258,0
DA:259,0
DA:260,0
DA:261,0
DA:264,0
DA:272,0
DA:274,0
DA:281,0
DA:320,0
DA:328,0
DA:329,0
DA:331,0
DA:332,0
DA:333,0
DA:336,0
DA:337,0
DA:338,0
DA:339,0
DA:343,0
DA:344,0
DA:345,0
DA:347,0
DA:348,0
DA:349,0
DA:350,0
DA:355,0
DA:363,0
DA:365,0
DA:367,0
DA:368,0
DA:370,0
DA:371,0
DA:373,0
DA:374,0
DA:376,0
DA:377,0
DA:379,0
DA:380,0
DA:382,0
DA:385,0
DA:390,0
DA:391,0
DA:396,0
DA:397,0
DA:398,0
DA:399,0
DA:400,0
DA:401,0
LF:100
LH:0
BRDA:55,0,0,0
BRDA:55,0,1,0
BRDA:124,1,0,0
BRDA:129,2,0,0
BRDA:220,3,0,0
BRDA:228,4,0,0
BRDA:228,4,1,0
BRDA:258,5,0,0
BRDA:258,5,1,0
BRDA:331,6,0,0
BRDA:336,7,0,0
BRDA:344,8,0,0
BRDA:344,8,1,0
BRDA:345,9,0,0
BRDA:345,9,1,0
BRDA:347,10,0,0
BRDA:390,11,0,0
BRF:17
BRH:0
end_of_record
TN:
SF:services\agentic\integration-example.tsx
FN:20,useMultiStepAnalysis
FN:31,(anonymous_10)
FN:46,(anonymous_11)
FN:70,(anonymous_12)
FN:81,(anonymous_13)
FN:88,(anonymous_14)
FN:111,MultiStepAnalysisComponent
FN:130,(anonymous_16)
FN:151,(anonymous_17)
FN:181,(anonymous_18)
FN:230,(anonymous_19)
FN:250,(anonymous_20)
FN:266,(anonymous_21)
FN:290,(anonymous_22)
FN:389,exampleAppIntegration
FNF:15
FNH:0
FNDA:0,useMultiStepAnalysis
FNDA:0,(anonymous_10)
FNDA:0,(anonymous_11)
FNDA:0,(anonymous_12)
FNDA:0,(anonymous_13)
FNDA:0,(anonymous_14)
FNDA:0,MultiStepAnalysisComponent
FNDA:0,(anonymous_16)
FNDA:0,(anonymous_17)
FNDA:0,(anonymous_18)
FNDA:0,(anonymous_19)
FNDA:0,(anonymous_20)
FNDA:0,(anonymous_21)
FNDA:0,(anonymous_22)
FNDA:0,exampleAppIntegration
DA:7,0
DA:8,0
DA:20,0
DA:21,0
DA:22,0
DA:23,0
DA:24,0
DA:25,0
DA:26,0
DA:31,0
DA:36,0
DA:37,0
DA:38,0
DA:39,0
DA:42,0
DA:43,0
DA:46,0
DA:47,0
DA:48,0
DA:51,0
DA:52,0
DA:53,0
DA:55,0
DA:56,0
DA:59,0
DA:60,0
DA:61,0
DA:63,0
DA:70,0
DA:71,0
DA:72,0
DA:73,0
DA:74,0
DA:81,0
DA:82,0
DA:88,0
DA:89,0
DA:90,0
DA:91,0
DA:92,0
DA:95,0
DA:111,0
DA:122,0
DA:124,0
DA:125,0
DA:130,0
DA:131,0
DA:132,0
DA:133,0
DA:136,0
DA:137,0
DA:138,0
DA:141,0
DA:151,0
DA:152,0
DA:154,0
DA:181,0
DA:182,0
DA:184,0
DA:230,0
DA:231,0
DA:233,0
DA:250,0
DA:251,0
DA:252,0
DA:254,0
DA:267,0
DA:279,0
DA:290,0
DA:389,0
DA:390,0
DA:408,0
LF:72
LH:0
BRDA:55,0,0,0
BRDA:59,1,0,0
BRDA:59,1,1,0
BRDA:71,2,0,0
BRDA:82,3,0,0
BRDA:82,3,1,0
BRDA:131,4,0,0
BRDA:136,5,0,0
BRDA:152,6,0,0
BRDA:182,7,0,0
BRDA:189,8,0,0
BRDA:189,8,1,0
BRDA:192,9,0,0
BRDA:192,9,1,0
BRDA:209,10,0,0
BRDA:209,10,1,0
BRDA:231,11,0,0
BRDA:252,12,0,0
BRDA:268,13,0,0
BRDA:268,13,1,0
BRDA:311,14,0,0
BRDA:311,14,1,0
BRDA:322,15,0,0
BRDA:322,15,1,0
BRDA:325,16,0,0
BRDA:325,16,1,0
BRDA:330,17,0,0
BRDA:330,17,1,0
BRDA:333,18,0,0
BRDA:333,18,1,0
BRDA:336,19,0,0
BRDA:336,19,1,0
BRDA:353,20,0,0
BRDA:353,20,1,0
BRF:34
BRH:0
end_of_record
TN:
SF:services\agentic\resilientCodeGenerator.ts
FN:56,(anonymous_0)
FN:64,(anonymous_1)
FN:85,(anonymous_2)
FN:93,(anonymous_3)
FN:104,(anonymous_4)
FN:105,(anonymous_5)
FN:119,generateSimpleTemplate
FN:154,generateDefaultTemplate
FN:184,analyzeUserIntent
FN:198,(anonymous_9)
FN:202,(anonymous_10)
FN:206,(anonymous_11)
FN:210,(anonymous_12)
FN:214,(anonymous_13)
FN:218,(anonymous_14)
FN:232,generateFilterCode
FN:254,generateAggregateCode
FN:284,generateTransformCode
FN:310,generateGenericCode
FN:333,(anonymous_19)
FN:344,(anonymous_20)
FN:396,(anonymous_21)
FN:449,(anonymous_22)
FN:480,(anonymous_23)
FN:491,(anonymous_24)
FN:524,(anonymous_25)
FN:535,(anonymous_26)
FN:543,createResilientCodeGenerator
FN:552,generateCodeWithFallback
FNF:29
FNH:0
FNDA:0,(anonymous_0)
FNDA:0,(anonymous_1)
FNDA:0,(anonymous_2)
FNDA:0,(anonymous_3)
FNDA:0,(anonymous_4)
FNDA:0,(anonymous_5)
FNDA:0,generateSimpleTemplate
FNDA:0,generateDefaultTemplate
FNDA:0,analyzeUserIntent
FNDA:0,(anonymous_9)
FNDA:0,(anonymous_10)
FNDA:0,(anonymous_11)
FNDA:0,(anonymous_12)
FNDA:0,(anonymous_13)
FNDA:0,(anonymous_14)
FNDA:0,generateFilterCode
FNDA:0,generateAggregateCode
FNDA:0,generateTransformCode
FNDA:0,generateGenericCode
FNDA:0,(anonymous_19)
FNDA:0,(anonymous_20)
FNDA:0,(anonymous_21)
FNDA:0,(anonymous_22)
FNDA:0,(anonymous_23)
FNDA:0,(anonymous_24)
FNDA:0,(anonymous_25)
FNDA:0,(anonymous_26)
FNDA:0,createResilientCodeGenerator
FNDA:0,generateCodeWithFallback
DA:7,0
DA:9,0
DA:10,0
DA:47,0
DA:57,0
DA:58,0
DA:65,0
DA:68,0
DA:71,0
DA:72,0
DA:78,0
DA:86,0
DA:87,0
DA:94,0
DA:97,0
DA:104,0
DA:106,0
DA:109,0
DA:124,0
DA:127,0
DA:128,0
DA:130,0
DA:132,0
DA:133,0
DA:134,0
DA:136,0
DA:137,0
DA:138,0
DA:140,0
DA:141,0
DA:142,0
DA:144,0
DA:145,0
DA:148,0
DA:155,0
DA:176,0
DA:178,0
DA:189,0
DA:192,0
DA:194,0
DA:196,0
DA:198,0
DA:199,0
DA:202,0
DA:206,0
DA:207,0
DA:210,0
DA:214,0
DA:215,0
DA:218,0
DA:222,0
DA:233,0
DA:255,0
DA:285,0
DA:311,0
DA:330,0
DA:334,0
DA:348,0
DA:357,0
DA:358,0
DA:360,0
DA:361,0
DA:367,0
DA:368,0
DA:371,0
DA:372,0
DA:373,0
DA:377,0
DA:378,0
DA:384,0
DA:388,0
DA:389,0
DA:391,0
DA:392,0
DA:394,0
DA:396,0
DA:399,0
DA:404,0
DA:407,0
DA:408,0
DA:414,0
DA:415,0
DA:417,0
DA:423,0
DA:424,0
DA:425,0
DA:430,0
DA:431,0
DA:437,0
DA:443,0
DA:455,0
DA:456,0
DA:460,0
DA:461,0
DA:464,0
DA:469,0
DA:470,0
DA:474,0
DA:485,0
DA:486,0
DA:490,0
DA:491,0
DA:494,0
DA:495,0
DA:496,0
DA:498,0
DA:499,0
DA:501,0
DA:506,0
DA:508,0
DA:511,0
DA:517,0
DA:518,0
DA:525,0
DA:536,0
DA:543,0
DA:546,0
DA:552,0
DA:556,0
DA:557,0
LF:120
LH:0
BRDA:59,0,0,0
BRDA:59,0,1,0
BRDA:59,0,2,0
BRDA:88,1,0,0
BRDA:88,1,1,0
BRDA:88,1,2,0
BRDA:130,2,0,0
BRDA:130,2,1,0
BRDA:130,2,2,0
BRDA:130,2,3,0
BRDA:198,3,0,0
BRDA:206,4,0,0
BRDA:214,5,0,0
BRDA:337,6,0,0
BRDA:337,6,1,0
BRDA:357,7,0,0
BRDA:360,8,0,0
BRDA:372,9,0,0
BRDA:377,10,0,0
BRDA:414,11,0,0
BRDA:414,12,0,0
BRDA:414,12,1,0
BRDA:423,13,0,0
BRDA:430,14,0,0
BRDA:455,15,0,0
BRDA:464,16,0,0
BRDA:465,17,0,0
BRDA:465,17,1,0
BRDA:465,17,2,0
BRDA:485,18,0,0
BRDA:485,19,0,0
BRDA:485,19,1,0
BRDA:498,20,0,0
BRDA:498,20,1,0
BRDA:528,21,0,0
BRDA:528,21,1,0
BRF:36
BRH:0
end_of_record
TN:
SF:services\agentic\utils.ts
FN:18,executeMultiStepAnalysis
FN:36,executeMultiStepAnalysisWithProgress
FN:53,validateDataFiles
FN:90,formatExecutionTime
FN:109,formatQualityScore
FN:119,isTaskSuccessful
FN:129,getTaskSummary
FN:150,createProgressLogger
FN:151,(anonymous_8)
FN:167,analyzeError
FN:212,estimateExecutionTime
FN:231,generateTaskReport
FN:252,(anonymous_12)
FN:267,(anonymous_13)
FNF:14
FNH:0
FNDA:0,executeMultiStepAnalysis
FNDA:0,executeMultiStepAnalysisWithProgress
FNDA:0,validateDataFiles
FNDA:0,formatExecutionTime
FNDA:0,formatQualityScore
FNDA:0,isTaskSuccessful
FNDA:0,getTaskSummary
FNDA:0,createProgressLogger
FNDA:0,(anonymous_8)
FNDA:0,analyzeError
FNDA:0,estimateExecutionTime
FNDA:0,generateTaskReport
FNDA:0,(anonymous_12)
FNDA:0,(anonymous_13)
DA:7,0
DA:18,0
DA:23,0
DA:24,0
DA:36,0
DA:42,0
DA:43,0
DA:44,0
DA:53,0
DA:57,0
DA:59,0
DA:60,0
DA:61,0
DA:64,0
DA:65,0
DA:66,0
DA:69,0
DA:70,0
DA:73,0
DA:74,0
DA:78,0
DA:90,0
DA:91,0
DA:92,0
DA:93,0
DA:94,0
DA:95,0
DA:97,0
DA:98,0
DA:99,0
DA:109,0
DA:110,0
DA:119,0
DA:120,0
DA:129,0
DA:130,0
DA:150,0
DA:151,0
DA:152,0
DA:153,0
DA:154,0
DA:155,0
DA:157,0
DA:167,0
DA:171,0
DA:174,0
DA:175,0
DA:182,0
DA:183,0
DA:190,0
DA:191,0
DA:198,0
DA:212,0
DA:217,0
DA:218,0
DA:219,0
DA:220,0
DA:222,0
DA:231,0
DA:232,0
DA:233,0
DA:235,0
DA:236,0
DA:237,0
DA:238,0
DA:239,0
DA:240,0
DA:241,0
DA:242,0
DA:243,0
DA:244,0
DA:245,0
DA:246,0
DA:247,0
DA:249,0
DA:250,0
DA:251,0
DA:252,0
DA:253,0
DA:255,0
DA:258,0
DA:259,0
DA:260,0
DA:261,0
DA:262,0
DA:263,0
DA:265,0
DA:266,0
DA:267,0
DA:268,0
DA:273,0
DA:274,0
DA:276,0
LF:93
LH:0
BRDA:59,0,0,0
BRDA:59,1,0,0
BRDA:59,1,1,0
BRDA:65,2,0,0
BRDA:69,3,0,0
BRDA:73,4,0,0
BRDA:73,5,0,0
BRDA:73,5,1,0
BRDA:91,6,0,0
BRDA:91,6,1,0
BRDA:93,7,0,0
BRDA:93,7,1,0
BRDA:120,8,0,0
BRDA:120,8,1,0
BRDA:137,9,0,0
BRDA:137,9,1,0
BRDA:140,10,0,0
BRDA:140,10,1,0
BRDA:150,11,0,0
BRDA:153,12,0,0
BRDA:153,12,1,0
BRDA:154,13,0,0
BRDA:154,13,1,0
BRDA:155,14,0,0
BRDA:155,14,1,0
BRDA:174,15,0,0
BRDA:174,16,0,0
BRDA:174,16,1,0
BRDA:182,17,0,0
BRDA:182,18,0,0
BRDA:182,18,1,0
BRDA:190,19,0,0
BRDA:190,20,0,0
BRDA:190,20,1,0
BRDA:215,21,0,0
BRDA:239,22,0,0
BRDA:239,22,1,0
BRDA:249,23,0,0
BRDA:249,24,0,0
BRDA:249,24,1,0
BRDA:258,25,0,0
BRDA:265,26,0,0
BRF:42
BRH:0
end_of_record
TN:
SF:services\ai\aiOrchestrationService.ts
FN:92,(anonymous_1)
FN:112,(anonymous_2)
FN:131,(anonymous_3)
FN:169,(anonymous_4)
FN:181,(anonymous_5)
FN:200,(anonymous_6)
FN:217,(anonymous_7)
FN:240,(anonymous_8)
FN:274,(anonymous_9)
FN:281,(anonymous_10)
FN:473,(anonymous_11)
FN:483,(anonymous_12)
FN:492,(anonymous_13)
FN:497,(anonymous_14)
FN:501,(anonymous_15)
FN:533,(anonymous_16)
FN:552,(anonymous_17)
FN:570,(anonymous_18)
FN:615,(anonymous_19)
FN:643,(anonymous_20)
FN:653,(anonymous_21)
FN:669,(anonymous_22)
FN:673,(anonymous_23)
FN:687,(anonymous_24)
FN:691,(anonymous_25)
FN:692,(anonymous_26)
FNF:26
FNH:0
FNDA:0,(anonymous_1)
FNDA:0,(anonymous_2)
FNDA:0,(anonymous_3)
FNDA:0,(anonymous_4)
FNDA:0,(anonymous_5)
FNDA:0,(anonymous_6)
FNDA:0,(anonymous_7)
FNDA:0,(anonymous_8)
FNDA:0,(anonymous_9)
FNDA:0,(anonymous_10)
FNDA:0,(anonymous_11)
FNDA:0,(anonymous_12)
FNDA:0,(anonymous_13)
FNDA:0,(anonymous_14)
FNDA:0,(anonymous_15)
FNDA:0,(anonymous_16)
FNDA:0,(anonymous_17)
FNDA:0,(anonymous_18)
FNDA:0,(anonymous_19)
FNDA:0,(anonymous_20)
FNDA:0,(anonymous_21)
FNDA:0,(anonymous_22)
FNDA:0,(anonymous_23)
FNDA:0,(anonymous_24)
FNDA:0,(anonymous_25)
FNDA:0,(anonymous_26)
DA:11,0
DA:12,0
DA:21,0
DA:88,0
DA:90,0
DA:93,0
DA:94,0
DA:95,0
DA:98,0
DA:113,0
DA:115,0
DA:117,0
DA:118,0
DA:119,0
DA:120,0
DA:125,0
DA:128,0
DA:131,0
DA:132,0
DA:136,0
DA:139,0
DA:142,0
DA:145,0
DA:148,0
DA:154,0
DA:158,0
DA:162,0
DA:175,0
DA:182,0
DA:183,0
DA:191,0
DA:193,0
DA:201,0
DA:218,0
DA:220,0
DA:221,0
DA:234,0
DA:237,0
DA:247,0
DA:257,0
DA:260,0
DA:261,0
DA:262,0
DA:265,0
DA:266,0
DA:275,0
DA:276,0
DA:278,0
DA:282,0
DA:284,0
DA:470,0
DA:474,0
DA:477,0
DA:478,0
DA:479,0
DA:480,0
DA:481,0
DA:482,0
DA:483,0
DA:484,0
DA:490,0
DA:491,0
DA:492,0
DA:493,0
DA:494,0
DA:495,0
DA:496,0
DA:497,0
DA:499,0
DA:500,0
DA:501,0
DA:502,0
DA:509,0
DA:510,0
DA:511,0
DA:515,0
DA:516,0
DA:517,0
DA:521,0
DA:522,0
DA:523,0
DA:526,0
DA:536,0
DA:537,0
DA:538,0
DA:540,0
DA:542,0
DA:543,0
DA:544,0
DA:549,0
DA:553,0
DA:562,0
DA:563,0
DA:564,0
DA:567,0
DA:571,0
DA:573,0
DA:576,0
DA:577,0
DA:578,0
DA:579,0
DA:583,0
DA:584,0
DA:586,0
DA:587,0
DA:591,0
DA:593,0
DA:605,0
DA:617,0
DA:618,0
DA:622,0
DA:624,0
DA:625,0
DA:627,0
DA:630,0
DA:631,0
DA:633,0
DA:644,0
DA:649,0
DA:650,0
DA:657,0
DA:662,0
DA:670,0
DA:674,0
DA:683,0
DA:684,0
DA:688,0
DA:692,0
LF:128
LH:0
BRDA:117,0,0,0
BRDA:119,1,0,0
BRDA:220,2,0,0
BRDA:253,3,0,0
BRDA:253,3,1,0
BRDA:261,4,0,0
BRDA:261,4,1,0
BRDA:265,5,0,0
BRDA:470,6,0,0
BRDA:470,6,1,0
BRDA:477,7,0,0
BRDA:479,8,0,0
BRDA:479,8,1,0
BRDA:480,9,0,0
BRDA:480,9,1,0
BRDA:481,10,0,0
BRDA:484,11,0,0
BRDA:484,11,1,0
BRDA:490,12,0,0
BRDA:490,13,0,0
BRDA:490,13,1,0
BRDA:495,14,0,0
BRDA:495,14,1,0
BRDA:496,15,0,0
BRDA:499,16,0,0
BRDA:499,17,0,0
BRDA:499,17,1,0
BRDA:509,18,0,0
BRDA:515,19,0,0
BRDA:521,20,0,0
BRDA:542,21,0,0
BRDA:549,22,0,0
BRDA:549,22,1,0
BRDA:563,23,0,0
BRDA:576,24,0,0
BRDA:576,24,1,0
BRDA:578,25,0,0
BRDA:586,26,0,0
BRDA:586,27,0,0
BRDA:586,27,1,0
BRDA:586,27,2,0
BRDA:596,28,0,0
BRDA:596,28,1,0
BRDA:597,29,0,0
BRDA:597,29,1,0
BRDA:598,30,0,0
BRDA:598,30,1,0
BRDA:599,31,0,0
BRDA:599,31,1,0
BRDA:617,32,0,0
BRDA:622,33,0,0
BRDA:622,33,1,0
BRDA:624,34,0,0
BRDA:624,35,0,0
BRDA:624,35,1,0
BRDA:630,36,0,0
BRDA:630,37,0,0
BRDA:630,37,1,0
BRDA:650,38,0,0
BRDA:650,38,1,0
BRF:60
BRH:0
end_of_record
TN:
SF:services\ai\fewShotEngine.ts
FN:25,(anonymous_0)
FN:41,(anonymous_1)
FN:57,(anonymous_2)
FN:164,(anonymous_3)
FN:176,(anonymous_4)
FN:188,(anonymous_5)
FN:189,(anonymous_6)
FN:196,(anonymous_7)
FN:203,(anonymous_8)
FN:211,(anonymous_9)
FN:212,(anonymous_10)
FN:219,(anonymous_11)
FN:220,(anonymous_12)
FN:227,(anonymous_13)
FN:228,(anonymous_14)
FN:229,(anonymous_15)
FN:238,(anonymous_16)
FN:252,(anonymous_17)
FN:263,(anonymous_18)
FN:278,(anonymous_19)
FN:304,(anonymous_20)
FN:338,(anonymous_21)
FN:400,(anonymous_22)
FN:409,(anonymous_23)
FN:436,(anonymous_24)
FN:460,(anonymous_25)
FN:488,(anonymous_26)
FN:501,(anonymous_27)
FN:522,(anonymous_28)
FN:536,(anonymous_29)
FN:537,(anonymous_30)
FN:555,(anonymous_31)
FN:569,(anonymous_32)
FN:570,(anonymous_33)
FN:573,(anonymous_34)
FN:578,(anonymous_35)
FN:602,(anonymous_36)
FN:614,(anonymous_37)
FN:622,(anonymous_38)
FN:650,(anonymous_39)
FN:658,(anonymous_40)
FN:659,(anonymous_41)
FN:680,(anonymous_42)
FN:693,(anonymous_43)
FN:698,(anonymous_44)
FN:699,(anonymous_45)
FN:708,(anonymous_46)
FN:712,(anonymous_47)
FN:722,(anonymous_48)
FN:732,(anonymous_49)
FN:737,(anonymous_50)
FN:758,(anonymous_51)
FN:766,(anonymous_52)
FN:775,(anonymous_53)
FN:792,(anonymous_54)
FN:800,(anonymous_55)
FN:805,(anonymous_56)
FN:806,(anonymous_57)
FN:817,(anonymous_58)
FN:818,(anonymous_59)
FN:824,(anonymous_60)
FN:832,(anonymous_61)
FN:837,(anonymous_62)
FN:838,(anonymous_63)
FN:844,(anonymous_64)
FN:867,(anonymous_65)
FN:872,(anonymous_66)
FN:873,(anonymous_67)
FN:879,(anonymous_68)
FN:892,(anonymous_69)
FN:897,(anonymous_70)
FN:907,(anonymous_71)
FN:918,(anonymous_72)
FN:919,(anonymous_73)
FN:925,(anonymous_74)
FN:951,(anonymous_75)
FN:956,(anonymous_76)
FN:962,(anonymous_77)
FN:964,(anonymous_78)
FN:965,(anonymous_79)
FN:975,(anonymous_80)
FN:1008,(anonymous_81)
FN:1014,(anonymous_82)
FN:1054,(anonymous_83)
FN:1086,(anonymous_84)
FN:1106,(anonymous_85)
FN:1125,(anonymous_86)
FN:1133,(anonymous_87)
FN:1149,(anonymous_88)
FN:1163,(anonymous_89)
FN:1179,(anonymous_90)
FN:1191,(anonymous_91)
FN:1198,(anonymous_92)
FN:1210,(anonymous_93)
FN:1217,(anonymous_94)
FN:1258,(anonymous_95)
FN:1273,(anonymous_96)
FN:1280,(anonymous_97)
FN:1287,(anonymous_98)
FN:1294,(anonymous_99)
FN:1302,(anonymous_100)
FN:1334,(anonymous_101)
FN:1337,(anonymous_102)
FN:1347,(anonymous_103)
FN:1349,(anonymous_104)
FN:1353,(anonymous_105)
FN:1354,(anonymous_106)
FN:1356,(anonymous_107)
FN:1364,(anonymous_108)
FN:1373,(anonymous_109)
FN:1385,(anonymous_110)
FN:1386,(anonymous_111)
FN:1394,(anonymous_112)
FN:1401,(anonymous_113)
FN:1405,(anonymous_114)
FN:1409,(anonymous_115)
FN:1421,(anonymous_116)
FN:1432,(anonymous_117)
FN:1440,(anonymous_118)
FN:1441,(anonymous_119)
FN:1454,(anonymous_120)
FN:1478,(anonymous_121)
FN:1481,(anonymous_122)
FN:1501,(anonymous_123)
FN:1539,(anonymous_124)
FN:1557,(anonymous_125)
FN:1575,(anonymous_126)
FN:1598,(anonymous_127)
FN:1610,(anonymous_128)
FN:1611,(anonymous_129)
FN:1625,(anonymous_130)
FN:1635,(anonymous_131)
FN:1636,(anonymous_132)
FN:1638,(anonymous_133)
FN:1653,(anonymous_134)
FN:1665,createFewShotEngine
FN:1672,loadExamplesFromJSON
FN:1673,(anonymous_137)
FN:1691,exportExamplesToJSON
FN:1692,(anonymous_139)
FNF:140
FNH:129
FNDA:1,(anonymous_0)
FNDA:1,(anonymous_1)
FNDA:1,(anonymous_2)
FNDA:72,(anonymous_3)
FNDA:1232,(anonymous_4)
FNDA:50,(anonymous_5)
FNDA:1224,(anonymous_6)
FNDA:6,(anonymous_7)
FNDA:327,(anonymous_8)
FNDA:83,(anonymous_9)
FNDA:6270,(anonymous_10)
FNDA:104,(anonymous_11)
FNDA:6340,(anonymous_12)
FNDA:1,(anonymous_13)
FNDA:3,(anonymous_14)
FNDA:3,(anonymous_15)
FNDA:2,(anonymous_16)
FNDA:2,(anonymous_17)
FNDA:64,(anonymous_18)
FNDA:4946,(anonymous_19)
FNDA:3,(anonymous_20)
FNDA:84,(anonymous_21)
FNDA:1,(anonymous_22)
FNDA:2,(anonymous_23)
FNDA:7,(anonymous_24)
FNDA:1,(anonymous_25)
FNDA:4,(anonymous_26)
FNDA:14,(anonymous_27)
FNDA:1,(anonymous_28)
FNDA:2,(anonymous_29)
FNDA:2,(anonymous_30)
FNDA:1,(anonymous_31)
FNDA:3,(anonymous_32)
FNDA:3,(anonymous_33)
FNDA:2,(anonymous_34)
FNDA:1,(anonymous_35)
FNDA:3,(anonymous_36)
FNDA:0,(anonymous_37)
FNDA:7,(anonymous_38)
FNDA:409,(anonymous_39)
FNDA:0,(anonymous_40)
FNDA:0,(anonymous_41)
FNDA:4946,(anonymous_42)
FNDA:12137,(anonymous_43)
FNDA:12137,(anonymous_44)
FNDA:12137,(anonymous_45)
FNDA:4946,(anonymous_46)
FNDA:4975,(anonymous_47)
FNDA:4946,(anonymous_48)
FNDA:4946,(anonymous_49)
FNDA:28026,(anonymous_50)
FNDA:4946,(anonymous_51)
FNDA:4975,(anonymous_52)
FNDA:4942,(anonymous_53)
FNDA:82,(anonymous_54)
FNDA:6267,(anonymous_55)
FNDA:6264,(anonymous_56)
FNDA:7140,(anonymous_57)
FNDA:25643,(anonymous_58)
FNDA:444,(anonymous_59)
FNDA:82,(anonymous_60)
FNDA:1879,(anonymous_61)
FNDA:6337,(anonymous_62)
FNDA:408,(anonymous_63)
FNDA:82,(anonymous_64)
FNDA:1698,(anonymous_65)
FNDA:5474,(anonymous_66)
FNDA:444,(anonymous_67)
FNDA:81,(anonymous_68)
FNDA:441,(anonymous_69)
FNDA:407,(anonymous_70)
FNDA:441,(anonymous_71)
FNDA:1785,(anonymous_72)
FNDA:239,(anonymous_73)
FNDA:1,(anonymous_74)
FNDA:36025,(anonymous_75)
FNDA:45913,(anonymous_76)
FNDA:9892,(anonymous_77)
FNDA:24274,(anonymous_78)
FNDA:12140,(anonymous_79)
FNDA:16241,(anonymous_80)
FNDA:20972,(anonymous_81)
FNDA:166,(anonymous_82)
FNDA:83,(anonymous_83)
FNDA:1,(anonymous_84)
FNDA:15,(anonymous_85)
FNDA:4,(anonymous_86)
FNDA:0,(anonymous_87)
FNDA:6,(anonymous_88)
FNDA:1,(anonymous_89)
FNDA:0,(anonymous_90)
FNDA:0,(anonymous_91)
FNDA:84,(anonymous_92)
FNDA:1298,(anonymous_93)
FNDA:72,(anonymous_94)
FNDA:7,(anonymous_95)
FNDA:62,(anonymous_96)
FNDA:5,(anonymous_97)
FNDA:2,(anonymous_98)
FNDA:2,(anonymous_99)
FNDA:105,(anonymous_100)
FNDA:2,(anonymous_101)
FNDA:103,(anonymous_102)
FNDA:1,(anonymous_103)
FNDA:3,(anonymous_104)
FNDA:3,(anonymous_105)
FNDA:0,(anonymous_106)
FNDA:1,(anonymous_107)
FNDA:2,(anonymous_108)
FNDA:3,(anonymous_109)
FNDA:0,(anonymous_110)
FNDA:0,(anonymous_111)
FNDA:2,(anonymous_112)
FNDA:8,(anonymous_113)
FNDA:6,(anonymous_114)
FNDA:6,(anonymous_115)
FNDA:1,(anonymous_116)
FNDA:100,(anonymous_117)
FNDA:0,(anonymous_118)
FNDA:0,(anonymous_119)
FNDA:1,(anonymous_120)
FNDA:30,(anonymous_121)
FNDA:70,(anonymous_122)
FNDA:1,(anonymous_123)
FNDA:3,(anonymous_124)
FNDA:1,(anonymous_125)
FNDA:3,(anonymous_126)
FNDA:203,(anonymous_127)
FNDA:12,(anonymous_128)
FNDA:9,(anonymous_129)
FNDA:3,(anonymous_130)
FNDA:12,(anonymous_131)
FNDA:36,(anonymous_132)
FNDA:2436,(anonymous_133)
FNDA:20,(anonymous_134)
FNDA:2,createFewShotEngine
FNDA:1,loadExamplesFromJSON
FNDA:3,(anonymous_137)
FNDA:1,exportExamplesToJSON
FNDA:3,(anonymous_139)
DA:16,1
DA:25,1
DA:27,1
DA:29,1
DA:31,1
DA:33,1
DA:35,1
DA:41,1
DA:43,1
DA:45,1
DA:47,1
DA:49,1
DA:51,1
DA:57,1
DA:59,1
DA:61,1
DA:63,1
DA:65,1
DA:158,1
DA:159,72
DA:161,72
DA:162,72
DA:165,72
DA:177,1232
DA:178,0
DA:180,1232
DA:181,1232
DA:189,1224
DA:197,6
DA:204,327
DA:212,6270
DA:220,6340
DA:228,1
DA:229,3
DA:239,2
DA:240,2
DA:242,1
DA:243,1
DA:244,1
DA:245,1
DA:253,2
DA:254,2
DA:255,1
DA:257,2
DA:264,64
DA:265,64
DA:283,4946
DA:285,1
DA:287,1
DA:289,1
DA:291,1
DA:293,4942
DA:295,0
DA:305,3
DA:312,3
DA:314,3
DA:319,3
DA:344,84
DA:347,84
DA:348,84
DA:349,84
DA:350,0
DA:355,84
DA:357,1
DA:358,1
DA:360,1
DA:361,1
DA:363,1
DA:364,1
DA:366,1
DA:367,1
DA:370,80
DA:371,80
DA:375,84
DA:376,84
DA:377,84
DA:390,84
DA:406,1
DA:409,1
DA:410,2
DA:413,1
DA:441,7
DA:443,7
DA:445,1
DA:447,4
DA:449,1
DA:451,1
DA:453,0
DA:465,1
DA:468,1
DA:469,0
DA:471,1
DA:475,1
DA:476,0
DA:480,1
DA:482,1
DA:493,4
DA:496,4
DA:499,4
DA:500,4
DA:501,4
DA:502,14
DA:507,4
DA:508,1
DA:512,4
DA:513,4
DA:514,4
DA:516,4
DA:527,1
DA:530,1
DA:533,1
DA:534,1
DA:535,1
DA:536,2
DA:538,2
DA:543,1
DA:544,1
DA:545,1
DA:546,1
DA:547,1
DA:549,1
DA:560,1
DA:563,1
DA:566,1
DA:567,1
DA:569,3
DA:570,3
DA:573,1
DA:574,2
DA:578,1
DA:579,1
DA:584,1
DA:585,1
DA:586,1
DA:587,1
DA:588,1
DA:590,1
DA:603,3
DA:605,3
DA:606,2
DA:609,3
DA:610,3
DA:613,3
DA:614,0
DA:615,0
DA:629,7
DA:631,7
DA:638,7
DA:644,7
DA:650,7
DA:651,409
DA:652,409
DA:653,409
DA:656,7
DA:657,7
DA:658,7
DA:659,0
DA:660,0
DA:662,7
DA:664,7
DA:681,4946
DA:682,4946
DA:685,4946
DA:688,4946
DA:689,4946
DA:692,4946
DA:693,4946
DA:694,12137
DA:698,12137
DA:699,12137
DA:701,4946
DA:702,4935
DA:709,4946
DA:710,4946
DA:712,4975
DA:713,4946
DA:715,4946
DA:716,4946
DA:723,4946
DA:724,4946
DA:725,4946
DA:726,4946
DA:733,4946
DA:734,4946
DA:735,4946
DA:737,28026
DA:739,28026
DA:740,63283
DA:742,4946
DA:743,23080
DA:744,273867
DA:745,7838
DA:747,266029
DA:752,4946
DA:759,4946
DA:760,4946
DA:762,4946
DA:763,4946
DA:766,4975
DA:767,4935
DA:769,4935
DA:776,4942
DA:777,4942
DA:797,82
DA:798,82
DA:800,82
DA:801,6267
DA:802,6267
DA:805,6267
DA:806,7140
DA:808,6267
DA:809,6267
DA:811,6267
DA:817,25643
DA:818,444
DA:826,82
DA:829,82
DA:832,1879
DA:837,6337
DA:838,408
DA:846,82
DA:849,82
DA:852,82
DA:853,19
DA:854,17
DA:855,2
DA:856,0
DA:858,2
DA:867,1698
DA:872,5474
DA:873,444
DA:885,81
DA:886,81
DA:887,81
DA:890,81
DA:892,81
DA:893,441
DA:894,441
DA:897,81
DA:898,407
DA:899,407
DA:900,407
DA:901,154
DA:903,253
DA:907,81
DA:908,441
DA:909,441
DA:910,441
DA:911,346
DA:913,95
DA:918,1785
DA:919,239
DA:931,1
DA:932,1
DA:935,1
DA:936,0
DA:937,1
DA:938,0
DA:940,1
DA:952,36025
DA:956,45913
DA:963,9892
DA:964,24274
DA:965,9892
DA:966,12140
DA:967,12140
DA:969,9892
DA:976,16241
DA:978,16241
DA:1008,20972
DA:1015,166
DA:1018,166
DA:1019,0
DA:1023,166
DA:1029,6
DA:1033,160
DA:1044,2
DA:1048,158
DA:1055,83
DA:1056,83
DA:1059,83
DA:1065,0
DA:1069,83
DA:1076,4
DA:1080,79
DA:1087,1
DA:1088,1
DA:1091,1
DA:1092,1
DA:1093,1
DA:1094,1
DA:1095,1
DA:1096,1
DA:1098,1
DA:1099,1
DA:1100,1
DA:1107,15
DA:1109,15
DA:1110,15
DA:1111,15
DA:1112,15
DA:1114,15
DA:1115,15
DA:1117,15
DA:1119,15
DA:1126,4
DA:1128,4
DA:1129,4
DA:1131,4
DA:1132,0
DA:1133,0
DA:1134,0
DA:1138,4
DA:1139,4
DA:1141,4
DA:1143,4
DA:1150,6
DA:1164,1
DA:1180,0
DA:1181,0
DA:1184,0
DA:1192,0
DA:1204,84
DA:1211,1298
DA:1218,72
DA:1247,72
DA:1259,7
DA:1267,7
DA:1274,62
DA:1281,5
DA:1288,2
DA:1295,2
DA:1296,2
DA:1303,105
DA:1305,105
DA:1306,1
DA:1309,105
DA:1310,1
DA:1313,105
DA:1314,0
DA:1317,105
DA:1318,0
DA:1321,105
DA:1322,1
DA:1325,105
DA:1335,2
DA:1337,2
DA:1338,103
DA:1341,2
DA:1348,1
DA:1349,3
DA:1353,3
DA:1354,0
DA:1356,1
DA:1358,1
DA:1369,2
DA:1370,2
DA:1372,2
DA:1373,3
DA:1375,2
DA:1386,0
DA:1387,0
DA:1395,2
DA:1396,2
DA:1398,2
DA:1399,2
DA:1400,2
DA:1401,2
DA:1402,8
DA:1404,2
DA:1405,2
DA:1406,6
DA:1408,2
DA:1409,2
DA:1410,6
DA:1412,2
DA:1413,2
DA:1415,2
DA:1426,1
DA:1427,1
DA:1428,1
DA:1431,1
DA:1432,1
DA:1433,100
DA:1434,0
DA:1435,0
DA:1440,1
DA:1441,0
DA:1442,0
DA:1443,0
DA:1444,0
DA:1448,1
DA:1460,1
DA:1462,1
DA:1463,0
DA:1467,1
DA:1468,1
DA:1471,1
DA:1474,1
DA:1475,4
DA:1476,4
DA:1478,4
DA:1480,30
DA:1482,70
DA:1486,30
DA:1487,6
DA:1488,6
DA:1492,4
DA:1495,1
DA:1510,1
DA:1511,1
DA:1513,1
DA:1514,1
DA:1517,1
DA:1518,1
DA:1520,1
DA:1521,1
DA:1523,0
DA:1527,1
DA:1529,1
DA:1544,3
DA:1546,3
DA:1547,58
DA:1548,58
DA:1551,3
DA:1563,1
DA:1564,1
DA:1565,1
DA:1566,3
DA:1567,3
DA:1581,3
DA:1582,3
DA:1585,3
DA:1592,3
DA:1598,3
DA:1599,203
DA:1600,203
DA:1604,3
DA:1605,3
DA:1606,3
DA:1607,3
DA:1610,12
DA:1611,9
DA:1612,3
DA:1614,3
DA:1629,3
DA:1630,3
DA:1632,3
DA:1633,3
DA:1635,3
DA:1636,12
DA:1637,36
DA:1638,2436
DA:1641,36
DA:1642,20
DA:1651,3
DA:1653,20
DA:1665,1
DA:1666,2
DA:1672,1
DA:1673,3
DA:1691,1
DA:1692,3
LF:463
LH:428
BRDA:25,0,0,1
BRDA:25,0,1,1
BRDA:41,1,0,1
BRDA:41,1,1,1
BRDA:57,2,0,1
BRDA:57,2,1,1
BRDA:177,3,0,0
BRDA:240,4,0,1
BRDA:254,5,0,1
BRDA:281,6,0,4939
BRDA:283,7,0,1
BRDA:283,7,1,1
BRDA:283,7,2,1
BRDA:283,7,3,1
BRDA:283,7,4,4942
BRDA:283,7,5,0
BRDA:340,8,0,0
BRDA:341,9,0,0
BRDA:342,10,0,78
BRDA:349,11,0,0
BRDA:349,12,0,84
BRDA:349,12,1,0
BRDA:355,13,0,1
BRDA:355,13,1,1
BRDA:355,13,2,1
BRDA:355,13,3,1
BRDA:355,13,4,80
BRDA:355,13,5,80
BRDA:376,14,0,84
BRDA:402,15,0,0
BRDA:403,16,0,0
BRDA:404,17,0,1
BRDA:443,18,0,1
BRDA:443,18,1,4
BRDA:443,18,2,1
BRDA:443,18,3,1
BRDA:443,18,4,0
BRDA:468,19,0,0
BRDA:468,19,1,1
BRDA:475,20,0,0
BRDA:496,21,0,4
BRDA:496,21,1,4
BRDA:499,22,0,4
BRDA:507,23,0,1
BRDA:530,24,0,1
BRDA:530,24,1,1
BRDA:533,25,0,1
BRDA:536,26,0,2
BRDA:536,26,1,2
BRDA:563,27,0,1
BRDA:563,27,1,1
BRDA:566,28,0,1
BRDA:569,29,0,3
BRDA:569,29,1,2
BRDA:570,30,0,3
BRDA:570,30,1,2
BRDA:603,31,0,0
BRDA:605,32,0,2
BRDA:613,33,0,0
BRDA:662,34,0,0
BRDA:662,34,1,7
BRDA:701,35,0,11
BRDA:701,36,0,4946
BRDA:701,36,1,4935
BRDA:715,37,0,0
BRDA:725,38,0,0
BRDA:744,39,0,7838
BRDA:744,39,1,266029
BRDA:762,40,0,0
BRDA:762,41,0,4946
BRDA:762,41,1,11
BRDA:763,42,0,11
BRDA:763,43,0,4946
BRDA:763,43,1,4935
BRDA:802,44,0,6267
BRDA:802,44,1,0
BRDA:852,45,0,19
BRDA:853,46,0,17
BRDA:853,46,1,2
BRDA:855,47,0,0
BRDA:855,47,1,2
BRDA:900,48,0,154
BRDA:900,48,1,253
BRDA:910,49,0,346
BRDA:910,49,1,95
BRDA:935,50,0,0
BRDA:935,50,1,1
BRDA:935,51,0,1
BRDA:935,51,1,1
BRDA:937,52,0,0
BRDA:937,52,1,1
BRDA:966,53,0,12140
BRDA:966,53,1,12140
BRDA:1008,54,0,20972
BRDA:1008,54,1,20848
BRDA:1018,55,0,0
BRDA:1018,56,0,166
BRDA:1018,56,1,166
BRDA:1018,56,2,166
BRDA:1023,57,0,6
BRDA:1024,58,0,166
BRDA:1024,58,1,166
BRDA:1024,58,2,160
BRDA:1024,58,3,160
BRDA:1033,59,0,2
BRDA:1034,60,0,160
BRDA:1034,60,1,160
BRDA:1034,60,2,158
BRDA:1034,60,3,158
BRDA:1034,60,4,158
BRDA:1034,60,5,158
BRDA:1034,60,6,158
BRDA:1034,60,7,158
BRDA:1034,60,8,158
BRDA:1059,61,0,0
BRDA:1060,62,0,83
BRDA:1060,62,1,83
BRDA:1060,62,2,83
BRDA:1060,62,3,83
BRDA:1069,63,0,4
BRDA:1070,64,0,83
BRDA:1070,64,1,80
BRDA:1070,64,2,79
BRDA:1070,64,3,79
BRDA:1070,64,4,79
BRDA:1091,65,0,0
BRDA:1091,66,0,1
BRDA:1091,66,1,1
BRDA:1092,67,0,0
BRDA:1092,68,0,1
BRDA:1092,68,1,1
BRDA:1093,69,0,0
BRDA:1094,70,0,0
BRDA:1094,71,0,1
BRDA:1094,71,1,1
BRDA:1095,72,0,0
BRDA:1096,73,0,0
BRDA:1098,74,0,0
BRDA:1099,75,0,0
BRDA:1111,76,0,15
BRDA:1111,77,0,15
BRDA:1111,77,1,15
BRDA:1114,78,0,15
BRDA:1131,79,0,0
BRDA:1131,80,0,4
BRDA:1131,80,1,4
BRDA:1131,80,2,4
BRDA:1138,81,0,4
BRDA:1181,82,0,0
BRDA:1305,83,0,1
BRDA:1305,84,0,105
BRDA:1305,84,1,104
BRDA:1309,85,0,1
BRDA:1309,86,0,105
BRDA:1309,86,1,104
BRDA:1313,87,0,0
BRDA:1317,88,0,0
BRDA:1321,89,0,1
BRDA:1321,90,0,105
BRDA:1321,90,1,105
BRDA:1347,91,0,0
BRDA:1347,92,0,0
BRDA:1370,93,0,0
BRDA:1372,94,0,2
BRDA:1372,94,1,0
BRDA:1373,95,0,2
BRDA:1373,95,1,0
BRDA:1433,96,0,0
BRDA:1442,97,0,0
BRDA:1457,98,0,0
BRDA:1462,99,0,0
BRDA:1474,100,0,5
BRDA:1474,100,1,4
BRDA:1486,101,0,6
BRDA:1503,102,0,0
BRDA:1504,103,0,0
BRDA:1520,104,0,1
BRDA:1520,104,1,0
BRDA:1527,105,0,1
BRDA:1527,105,1,0
BRDA:1541,106,0,0
BRDA:1542,107,0,0
BRDA:1559,108,0,0
BRDA:1560,109,0,0
BRDA:1561,110,0,1
BRDA:1604,111,0,1
BRDA:1605,112,0,1
BRDA:1606,113,0,1
BRDA:1607,114,0,1
BRDA:1638,115,0,2436
BRDA:1638,115,1,609
BRDA:1641,116,0,20
BRDA:1679,117,0,3
BRDA:1679,117,1,0
BRDA:1683,118,0,3
BRDA:1683,118,1,0
BRDA:1684,119,0,3
BRDA:1684,119,1,0
BRF:198
BRH:143
end_of_record
TN:
SF:services\ai\queryExamples.ts
FN:1672,(anonymous_0)
FN:1673,(anonymous_1)
FN:1684,getExampleStats
FN:1704,(anonymous_3)
FN:1705,(anonymous_4)
FN:1706,(anonymous_5)
FN:1714,searchExamples
FN:1717,(anonymous_7)
FN:1721,(anonymous_8)
FN:1728,findExamplesByFields
FN:1729,(anonymous_10)
FN:1730,(anonymous_11)
FN:1737,getRecommendedExamples
FN:1745,(anonymous_13)
FN:1749,(anonymous_14)
FN:1753,(anonymous_15)
FN:1759,exportExamplesToJSON
FN:1766,importExamplesFromJSON
FN:1782,validateExamples
FN:1791,(anonymous_19)
FNF:20
FNH:2
FNDA:100,(anonymous_0)
FNDA:301,(anonymous_1)
FNDA:0,getExampleStats
FNDA:0,(anonymous_3)
FNDA:0,(anonymous_4)
FNDA:0,(anonymous_5)
FNDA:0,searchExamples
FNDA:0,(anonymous_7)
FNDA:0,(anonymous_8)
FNDA:0,findExamplesByFields
FNDA:0,(anonymous_10)
FNDA:0,(anonymous_11)
FNDA:0,getRecommendedExamples
FNDA:0,(anonymous_13)
FNDA:0,(anonymous_14)
FNDA:0,(anonymous_15)
FNDA:0,exportExamplesToJSON
FNDA:0,importExamplesFromJSON
FNDA:0,validateExamples
FNDA:0,(anonymous_19)
DA:75,1
DA:211,1
DA:342,1
DA:408,1
DA:483,1
DA:634,1
DA:776,1
DA:856,1
DA:1010,1
DA:1122,1
DA:1233,1
DA:1376,1
DA:1507,1
DA:1601,1
DA:1627,1
DA:1642,1
DA:1669,1
DA:1672,1
DA:1673,100
DA:1674,301
DA:1675,85
DA:1677,301
DA:1684,1
DA:1690,0
DA:1704,0
DA:1705,0
DA:1706,0
DA:1714,1
DA:1715,0
DA:1716,0
DA:1718,0
DA:1721,0
DA:1728,1
DA:1729,0
DA:1730,0
DA:1737,1
DA:1742,0
DA:1744,0
DA:1745,0
DA:1748,0
DA:1749,0
DA:1753,0
DA:1759,1
DA:1760,0
DA:1766,1
DA:1767,0
DA:1768,0
DA:1769,0
DA:1770,0
DA:1772,0
DA:1774,0
DA:1775,0
DA:1782,1
DA:1787,0
DA:1788,0
DA:1789,0
DA:1791,0
DA:1792,0
DA:1794,0
DA:1795,0
DA:1796,0
DA:1797,0
DA:1798,0
DA:1799,0
DA:1800,0
DA:1801,0
DA:1802,0
DA:1804,0
DA:1805,0
DA:1806,0
DA:1808,0
DA:1812,0
LF:72
LH:29
BRDA:1674,0,0,85
BRDA:1718,1,0,0
BRDA:1718,1,1,0
BRDA:1718,1,2,0
BRDA:1718,1,3,0
BRDA:1740,2,0,0
BRDA:1744,3,0,0
BRDA:1748,4,0,0
BRDA:1769,5,0,0
BRDA:1794,6,0,0
BRDA:1795,7,0,0
BRDA:1796,8,0,0
BRDA:1797,9,0,0
BRDA:1798,10,0,0
BRDA:1799,11,0,0
BRDA:1799,12,0,0
BRDA:1799,12,1,0
BRDA:1800,13,0,0
BRDA:1801,14,0,0
BRDA:1801,15,0,0
BRDA:1801,15,1,0
BRDA:1802,16,0,0
BRDA:1804,17,0,0
BRDA:1804,17,1,0
BRF:24
BRH:1
end_of_record
TN:
SF:services\infrastructure\cacheService.ts
FN:43,(anonymous_0)
FN:48,(anonymous_1)
FN:67,(anonymous_2)
FN:90,(anonymous_3)
FN:94,(anonymous_4)
FN:98,(anonymous_5)
FN:116,(anonymous_6)
FN:120,(anonymous_7)
FN:134,(anonymous_8)
FN:139,(anonymous_9)
FN:163,(anonymous_10)
FN:199,(anonymous_11)
FN:204,(anonymous_12)
FN:206,(anonymous_13)
FN:213,(anonymous_14)
FN:234,(anonymous_15)
FN:248,(anonymous_16)
FN:253,(anonymous_17)
FN:258,(anonymous_18)
FN:261,(anonymous_19)
FN:262,(anonymous_20)
FN:267,(anonymous_21)
FN:277,(anonymous_22)
FN:280,(anonymous_23)
FN:285,(anonymous_24)
FN:304,(anonymous_25)
FN:312,(anonymous_26)
FN:315,(anonymous_27)
FN:335,(anonymous_28)
FN:336,(anonymous_29)
FN:343,(anonymous_30)
FN:346,(anonymous_31)
FN:351,(anonymous_32)
FN:352,(anonymous_33)
FN:360,(anonymous_34)
FN:363,(anonymous_35)
FN:368,(anonymous_36)
FN:369,(anonymous_37)
FN:376,(anonymous_38)
FN:390,(anonymous_39)
FN:405,(anonymous_40)
FN:452,(anonymous_41)
FN:481,(anonymous_42)
FN:490,(anonymous_43)
FN:493,(anonymous_44)
FN:501,(anonymous_45)
FN:516,(anonymous_46)
FN:520,(anonymous_47)
FN:530,(anonymous_48)
FN:539,createCacheService
FNF:50
FNH:26
FNDA:35,(anonymous_0)
FNDA:137,(anonymous_1)
FNDA:133,(anonymous_2)
FNDA:2,(anonymous_3)
FNDA:34,(anonymous_4)
FNDA:92,(anonymous_5)
FNDA:133,(anonymous_6)
FNDA:0,(anonymous_7)
FNDA:35,(anonymous_8)
FNDA:7,(anonymous_9)
FNDA:11,(anonymous_10)
FNDA:1,(anonymous_11)
FNDA:14,(anonymous_12)
FNDA:84,(anonymous_13)
FNDA:0,(anonymous_14)
FNDA:11,(anonymous_15)
FNDA:35,(anonymous_16)
FNDA:0,(anonymous_17)
FNDA:0,(anonymous_18)
FNDA:0,(anonymous_19)
FNDA:0,(anonymous_20)
FNDA:0,(anonymous_21)
FNDA:0,(anonymous_22)
FNDA:0,(anonymous_23)
FNDA:0,(anonymous_24)
FNDA:0,(anonymous_25)
FNDA:0,(anonymous_26)
FNDA:0,(anonymous_27)
FNDA:0,(anonymous_28)
FNDA:0,(anonymous_29)
FNDA:0,(anonymous_30)
FNDA:0,(anonymous_31)
FNDA:0,(anonymous_32)
FNDA:0,(anonymous_33)
FNDA:0,(anonymous_34)
FNDA:0,(anonymous_35)
FNDA:0,(anonymous_36)
FNDA:0,(anonymous_37)
FNDA:0,(anonymous_38)
FNDA:35,(anonymous_39)
FNDA:137,(anonymous_40)
FNDA:132,(anonymous_41)
FNDA:2,(anonymous_42)
FNDA:6,(anonymous_43)
FNDA:34,(anonymous_44)
FNDA:139,(anonymous_45)
FNDA:271,(anonymous_46)
FNDA:139,(anonymous_47)
FNDA:132,(anonymous_48)
FNDA:35,createCacheService
DA:39,35
DA:44,35
DA:45,35
DA:49,137
DA:51,137
DA:52,11
DA:56,126
DA:57,2
DA:58,2
DA:62,124
DA:64,124
DA:69,133
DA:70,92
DA:73,133
DA:74,133
DA:87,133
DA:91,2
DA:95,34
DA:99,92
DA:100,92
DA:101,92
DA:103,92
DA:104,906
DA:105,94
DA:106,94
DA:107,94
DA:111,92
DA:112,92
DA:117,133
DA:121,0
DA:130,35
DA:135,35
DA:136,35
DA:140,7
DA:141,7
DA:142,7
DA:143,2
DA:146,5
DA:149,5
DA:150,1
DA:151,1
DA:154,4
DA:156,4
DA:158,0
DA:159,0
DA:164,11
DA:165,11
DA:166,11
DA:179,11
DA:182,11
DA:183,0
DA:186,11
DA:188,0
DA:190,0
DA:191,0
DA:192,0
DA:194,0
DA:200,1
DA:201,1
DA:205,14
DA:206,14
DA:207,84
DA:208,0
DA:214,0
DA:215,0
DA:217,0
DA:218,0
DA:219,0
DA:220,0
DA:221,0
DA:222,0
DA:223,0
DA:224,0
DA:235,11
DA:246,35
DA:249,35
DA:250,35
DA:254,0
DA:255,0
DA:258,0
DA:259,0
DA:261,0
DA:262,0
DA:263,0
DA:264,0
DA:267,0
DA:268,0
DA:269,0
DA:270,0
DA:271,0
DA:278,0
DA:279,0
DA:280,0
DA:281,0
DA:282,0
DA:283,0
DA:285,0
DA:286,0
DA:288,0
DA:289,0
DA:290,0
DA:294,0
DA:295,0
DA:296,0
DA:297,0
DA:300,0
DA:301,0
DA:304,0
DA:307,0
DA:308,0
DA:313,0
DA:314,0
DA:315,0
DA:316,0
DA:317,0
DA:319,0
DA:320,0
DA:333,0
DA:335,0
DA:336,0
DA:339,0
DA:344,0
DA:345,0
DA:346,0
DA:347,0
DA:348,0
DA:349,0
DA:351,0
DA:352,0
DA:355,0
DA:356,0
DA:361,0
DA:362,0
DA:363,0
DA:364,0
DA:365,0
DA:366,0
DA:368,0
DA:369,0
DA:372,0
DA:377,0
DA:385,2
DA:390,35
DA:391,35
DA:395,35
DA:399,35
DA:406,137
DA:409,137
DA:411,123
DA:414,0
DA:417,0
DA:421,14
DA:422,14
DA:424,7
DA:425,7
DA:426,7
DA:428,4
DA:429,4
DA:433,3
DA:434,0
DA:435,0
DA:437,0
DA:438,0
DA:440,0
DA:441,0
DA:445,3
DA:448,0
DA:453,132
DA:456,132
DA:458,131
DA:459,129
DA:460,2
DA:461,2
DA:462,2
DA:465,0
DA:466,0
DA:471,131
DA:472,11
DA:473,9
DA:475,11
DA:476,0
DA:482,2
DA:484,2
DA:490,6
DA:494,34
DA:503,139
DA:505,139
DA:517,271
DA:521,139
DA:522,139
DA:523,501
DA:524,501
DA:525,501
DA:527,139
DA:531,132
DA:539,2
DA:540,35
DA:558,35
LF:198
LH:102
BRDA:43,0,0,0
BRDA:43,1,0,0
BRDA:51,2,0,11
BRDA:56,3,0,2
BRDA:69,4,0,92
BRDA:69,5,0,133
BRDA:69,5,1,92
BRDA:78,6,0,133
BRDA:78,6,1,131
BRDA:104,7,0,94
BRDA:104,8,0,906
BRDA:104,8,1,812
BRDA:104,8,2,812
BRDA:111,9,0,92
BRDA:134,10,0,0
BRDA:134,11,0,0
BRDA:142,12,0,2
BRDA:149,13,0,1
BRDA:170,14,0,11
BRDA:170,14,1,10
BRDA:182,15,0,0
BRDA:207,16,0,0
BRDA:218,17,0,0
BRDA:221,18,0,0
BRDA:223,19,0,0
BRDA:254,20,0,0
BRDA:269,21,0,0
BRDA:288,22,0,0
BRDA:294,23,0,0
BRDA:324,24,0,0
BRDA:324,24,1,0
BRDA:409,25,0,123
BRDA:409,25,1,0
BRDA:409,25,2,0
BRDA:409,25,3,14
BRDA:409,25,4,0
BRDA:422,26,0,7
BRDA:424,27,0,7
BRDA:426,28,0,4
BRDA:433,29,0,0
BRDA:435,30,0,0
BRDA:437,31,0,0
BRDA:458,32,0,129
BRDA:458,32,1,2
BRDA:460,33,0,2
BRDA:460,33,1,0
BRDA:461,34,0,2
BRDA:465,35,0,0
BRDA:471,36,0,11
BRDA:472,37,0,9
BRDA:472,38,0,11
BRDA:472,38,1,9
BRDA:475,39,0,0
BRDA:486,40,0,1
BRDA:486,40,1,1
BRDA:487,41,0,0
BRDA:487,41,1,2
BRDA:496,42,0,14
BRDA:496,42,1,20
BRDA:497,43,0,0
BRDA:497,43,1,34
BRF:61
BRH:35
end_of_record
TN:
SF:services\infrastructure\eventBus.ts
FN:17,(anonymous_0)
FN:72,(anonymous_1)
FN:81,(anonymous_2)
FN:92,(anonymous_3)
FN:101,(anonymous_4)
FN:119,(anonymous_5)
FN:129,(anonymous_6)
FN:139,(anonymous_7)
FN:153,(anonymous_8)
FN:159,(anonymous_9)
FN:173,(anonymous_10)
FN:180,(anonymous_11)
FN:188,(anonymous_12)
FN:195,(anonymous_13)
FN:202,(anonymous_14)
FN:206,(anonymous_15)
FN:219,(anonymous_16)
FN:223,(anonymous_17)
FN:227,(anonymous_18)
FN:239,(anonymous_19)
FN:262,(anonymous_20)
FN:265,(anonymous_21)
FN:278,(anonymous_22)
FN:317,(anonymous_23)
FN:324,(anonymous_24)
FN:331,(anonymous_25)
FN:348,(anonymous_26)
FN:358,(anonymous_27)
FN:363,(anonymous_28)
FN:388,(anonymous_29)
FN:389,(anonymous_30)
FN:413,(anonymous_31)
FN:428,(anonymous_32)
FN:436,(anonymous_33)
FN:440,(anonymous_34)
FN:450,(anonymous_35)
FN:463,createEventBus
FN:467,createTypedEventBus
FNF:38
FNH:30
FNDA:1,(anonymous_0)
FNDA:24,(anonymous_1)
FNDA:53,(anonymous_2)
FNDA:7,(anonymous_3)
FNDA:1,(anonymous_4)
FNDA:26,(anonymous_5)
FNDA:3,(anonymous_6)
FNDA:3,(anonymous_7)
FNDA:4,(anonymous_8)
FNDA:4,(anonymous_9)
FNDA:1,(anonymous_10)
FNDA:7,(anonymous_11)
FNDA:1,(anonymous_12)
FNDA:18,(anonymous_13)
FNDA:4,(anonymous_14)
FNDA:3,(anonymous_15)
FNDA:2,(anonymous_16)
FNDA:4,(anonymous_17)
FNDA:2,(anonymous_18)
FNDA:32,(anonymous_19)
FNDA:1,(anonymous_20)
FNDA:53,(anonymous_21)
FNDA:32,(anonymous_22)
FNDA:4,(anonymous_23)
FNDA:1,(anonymous_24)
FNDA:6,(anonymous_25)
FNDA:2,(anonymous_26)
FNDA:1,(anonymous_27)
FNDA:3,(anonymous_28)
FNDA:2,(anonymous_29)
FNDA:0,(anonymous_30)
FNDA:0,(anonymous_31)
FNDA:0,(anonymous_32)
FNDA:0,(anonymous_33)
FNDA:0,(anonymous_34)
FNDA:0,(anonymous_35)
FNDA:0,createEventBus
FNDA:0,createTypedEventBus
DA:17,1
DA:19,1
DA:20,1
DA:21,1
DA:22,1
DA:23,1
DA:24,1
DA:25,1
DA:26,1
DA:27,1
DA:30,1
DA:31,1
DA:32,1
DA:33,1
DA:36,1
DA:37,1
DA:40,1
DA:41,1
DA:42,1
DA:45,1
DA:46,1
DA:67,1
DA:68,24
DA:69,24
DA:70,24
DA:73,24
DA:74,19
DA:83,53
DA:86,53
DA:87,53
DA:88,33
DA:92,20
DA:95,20
DA:96,25
DA:97,25
DA:100,24
DA:101,2
DA:102,1
DA:107,24
DA:108,3
DA:111,1
DA:120,26
DA:130,3
DA:144,3
DA:154,4
DA:155,4
DA:156,0
DA:159,4
DA:160,4
DA:161,4
DA:165,4
DA:166,4
DA:174,1
DA:181,7
DA:182,7
DA:189,1
DA:196,18
DA:203,4
DA:205,4
DA:206,3
DA:209,4
DA:210,1
DA:213,4
DA:220,2
DA:222,2
DA:223,4
DA:226,2
DA:227,2
DA:230,2
DA:231,4
DA:244,32
DA:246,32
DA:247,24
DA:248,24
DA:251,32
DA:259,32
DA:262,32
DA:266,53
DA:273,53
DA:274,2
DA:279,32
DA:316,1
DA:321,4
DA:328,1
DA:332,6
DA:343,1
DA:344,2
DA:345,2
DA:349,2
DA:350,2
DA:352,2
DA:363,1
DA:365,3
DA:366,3
DA:369,3
DA:370,3
DA:371,3
DA:374,3
DA:375,1
DA:382,1
DA:383,1
DA:389,2
DA:390,0
DA:393,0
DA:394,0
DA:395,0
DA:397,0
DA:406,0
DA:407,0
DA:414,0
DA:415,0
[...]
DA:330,0
DA:332,0
DA:333,0
DA:341,0
DA:345,0
DA:353,0
DA:362,0
DA:363,0
DA:369,0
DA:370,0
DA:372,0
DA:374,0
DA:375,0
DA:386,0
DA:387,0
DA:388,0
DA:392,0
DA:393,0
LF:118
LH:0
BRDA:10,0,0,0
BRDA:10,0,1,0
BRDA:10,0,2,0
BRDA:35,1,0,0
BRDA:85,2,0,0
BRDA:89,3,0,0
BRDA:89,3,1,0
BRDA:99,4,0,0
BRDA:100,5,0,0
BRDA:102,6,0,0
BRDA:102,6,1,0
BRDA:104,7,0,0
BRDA:124,8,0,0
BRDA:126,9,0,0
BRDA:126,9,1,0
BRDA:129,10,0,0
BRDA:134,11,0,0
BRDA:134,12,0,0
BRDA:134,12,1,0
BRDA:134,12,2,0
BRDA:157,13,0,0
BRDA:162,14,0,0
BRDA:167,15,0,0
BRDA:172,16,0,0
BRDA:188,17,0,0
BRDA:193,18,0,0
BRDA:198,19,0,0
BRDA:211,20,0,0
BRDA:212,21,0,0
BRDA:216,22,0,0
BRDA:218,23,0,0
BRDA:218,23,1,0
BRDA:219,24,0,0
BRDA:219,24,1,0
BRDA:220,25,0,0
BRDA:220,25,1,0
BRDA:221,26,0,0
BRDA:221,26,1,0
BRDA:238,27,0,0
BRDA:239,28,0,0
BRDA:239,29,0,0
BRDA:239,29,1,0
BRDA:244,30,0,0
BRDA:244,30,1,0
BRDA:244,31,0,0
BRDA:244,31,1,0
BRDA:259,32,0,0
BRDA:259,33,0,0
BRDA:259,33,1,0
BRDA:275,34,0,0
BRDA:276,35,0,0
BRDA:276,35,1,0
BRDA:286,36,0,0
BRDA:287,37,0,0
BRDA:327,38,0,0
BRDA:327,38,1,0
BRDA:369,39,0,0
BRDA:369,39,1,0
BRDA:392,40,0,0
BRF:59
BRH:0
end_of_record
TN:
SF:services\queryEngine\SQLGenerator.ts
FN:12,(anonymous_0)
FN:18,(anonymous_1)
FN:41,(anonymous_2)
FN:66,(anonymous_3)
FN:74,(anonymous_4)
FN:82,(anonymous_5)
FN:98,(anonymous_6)
FN:106,(anonymous_7)
FN:121,(anonymous_8)
FN:139,(anonymous_9)
FN:143,(anonymous_10)
FN:157,(anonymous_11)
FN:179,(anonymous_12)
FN:184,(anonymous_13)
FN:200,(anonymous_14)
FN:208,(anonymous_15)
FN:217,(anonymous_16)
FN:243,(anonymous_17)
FN:250,(anonymous_18)
FN:257,(anonymous_19)
FN:278,(anonymous_20)
FN:285,(anonymous_21)
FN:306,(anonymous_22)
FN:320,(anonymous_23)
FN:333,(anonymous_24)
FN:347,(anonymous_25)
FN:348,(anonymous_26)
FNF:27
FNH:0
FNDA:0,(anonymous_0)
FNDA:0,(anonymous_1)
FNDA:0,(anonymous_2)
FNDA:0,(anonymous_3)
FNDA:0,(anonymous_4)
FNDA:0,(anonymous_5)
FNDA:0,(anonymous_6)
FNDA:0,(anonymous_7)
FNDA:0,(anonymous_8)
FNDA:0,(anonymous_9)
FNDA:0,(anonymous_10)
FNDA:0,(anonymous_11)
FNDA:0,(anonymous_12)
FNDA:0,(anonymous_13)
FNDA:0,(anonymous_14)
FNDA:0,(anonymous_15)
FNDA:0,(anonymous_16)
FNDA:0,(anonymous_17)
FNDA:0,(anonymous_18)
FNDA:0,(anonymous_19)
FNDA:0,(anonymous_20)
FNDA:0,(anonymous_21)
FNDA:0,(anonymous_22)
FNDA:0,(anonymous_23)
FNDA:0,(anonymous_24)
FNDA:0,(anonymous_25)
FNDA:0,(anonymous_26)
DA:12,0
DA:13,0
DA:20,0
DA:22,0
DA:24,0
DA:26,0
DA:28,0
DA:30,0
DA:32,0
DA:34,0
DA:42,0
DA:43,0
DA:46,0
DA:49,0
DA:52,0
DA:55,0
DA:58,0
DA:60,0
DA:67,0
DA:68,0
DA:71,0
DA:73,0
DA:74,0
DA:75,0
DA:76,0
DA:81,0
DA:82,0
DA:83,0
DA:87,0
DA:88,0
DA:89,0
DA:90,0
DA:92,0
DA:99,0
DA:101,0
DA:102,0
DA:106,0
DA:108,0
DA:109,0
DA:111,0
DA:114,0
DA:117,0
DA:120,0
DA:121,0
DA:122,0
DA:123,0
DA:124,0
DA:125,0
DA:130,0
DA:131,0
DA:133,0
DA:140,0
DA:141,0
DA:143,0
DA:144,0
DA:146,0
DA:148,0
DA:151,0
DA:159,0
DA:160,0
DA:164,0
DA:165,0
DA:169,0
DA:180,0
DA:181,0
DA:184,0
DA:185,0
DA:186,0
DA:188,0
DA:189,0
DA:191,0
DA:194,0
DA:204,0
DA:205,0
DA:208,0
DA:209,0
DA:210,0
DA:212,0
DA:214,0
DA:216,0
DA:217,0
DA:218,0
DA:220,0
DA:222,0
DA:227,0
DA:228,0
DA:229,0
DA:230,0
DA:231,0
DA:232,0
DA:234,0
DA:237,0
DA:246,0
DA:247,0
DA:250,0
DA:251,0
DA:258,0
DA:260,0
DA:261,0
DA:263,0
DA:264,0
DA:266,0
DA:267,0
DA:269,0
DA:270,0
DA:272,0
DA:279,0
DA:286,0
DA:287,0
DA:290,0
DA:291,0
DA:294,0
DA:295,0
DA:307,0
DA:309,0
DA:311,0
DA:312,0
DA:315,0
DA:316,0
DA:319,0
DA:320,0
DA:323,0
DA:324,0
DA:327,0
DA:334,0
DA:341,0
DA:348,0
DA:356,0
LF:128
LH:0
BRDA:22,0,0,0
BRDA:22,0,1,0
BRDA:22,0,2,0
BRDA:22,0,3,0
BRDA:22,0,4,0
BRDA:22,0,5,0
BRDA:58,1,0,0
BRDA:58,1,1,0
BRDA:73,2,0,0
BRDA:75,3,0,0
BRDA:75,3,1,0
BRDA:76,4,0,0
BRDA:76,4,1,0
BRDA:81,5,0,0
BRDA:81,6,0,0
BRDA:81,6,1,0
BRDA:90,7,0,0
BRDA:90,7,1,0
BRDA:90,8,0,0
BRDA:90,8,1,0
BRDA:101,9,0,0
BRDA:108,10,0,0
BRDA:109,11,0,0
BRDA:109,11,1,0
BRDA:111,12,0,0
BRDA:111,12,1,0
BRDA:120,13,0,0
BRDA:120,14,0,0
BRDA:120,14,1,0
BRDA:123,15,0,0
BRDA:123,15,1,0
BRDA:144,16,0,0
BRDA:144,17,0,0
BRDA:144,17,1,0
BRDA:146,18,0,0
BRDA:146,18,1,0
BRDA:159,19,0,0
BRDA:159,20,0,0
BRDA:159,20,1,0
BRDA:164,21,0,0
BRDA:164,22,0,0
BRDA:164,22,1,0
BRDA:180,23,0,0
BRDA:188,24,0,0
BRDA:202,25,0,0
BRDA:204,26,0,0
BRDA:204,27,0,0
BRDA:204,27,1,0
BRDA:209,28,0,0
BRDA:209,28,1,0
BRDA:212,29,0,0
BRDA:212,29,1,0
BRDA:212,29,2,0
BRDA:216,30,0,0
BRDA:229,31,0,0
BRDA:229,31,1,0
BRDA:229,32,0,0
BRDA:229,32,1,0
BRDA:231,33,0,0
BRDA:246,34,0,0
BRDA:246,35,0,0
BRDA:246,35,1,0
BRDA:258,36,0,0
BRDA:263,37,0,0
BRDA:266,38,0,0
BRDA:266,39,0,0
BRDA:266,39,1,0
BRDA:269,40,0,0
BRDA:270,41,0,0
BRDA:270,41,1,0
BRDA:286,42,0,0
BRDA:286,43,0,0
BRDA:286,43,1,0
BRDA:290,44,0,0
BRDA:290,45,0,0
BRDA:290,45,1,0
BRDA:290,45,2,0
BRDA:294,46,0,0
BRDA:294,47,0,0
BRDA:294,47,1,0
BRDA:294,47,2,0
BRDA:311,48,0,0
BRDA:315,49,0,0
BRDA:315,50,0,0
BRDA:315,50,1,0
BRDA:319,51,0,0
BRDA:319,52,0,0
BRDA:319,52,1,0
BRDA:323,53,0,0
BRDA:323,54,0,0
BRDA:323,54,1,0
BRDA:341,55,0,0
BRDA:341,55,1,0
BRF:93
BRH:0
end_of_record
TN:
SF:services\react\reactCycleService.ts
FN:76,reactCycle
FN:100,(anonymous_1)
FN:280,generateCodeWithSchema
FN:297,generateRefinedCode
FN:309,(anonymous_4)
FN:320,buildRefinePrompt
FN:354,prepareFilesPreview
FN:355,(anonymous_7)
FN:358,(anonymous_8)
FN:375,prepareDatasets
FN:378,(anonymous_10)
FN:398,validateResult
FN:422,(anonymous_12)
FN:428,(anonymous_13)
FN:454,(anonymous_14)
FN:456,(anonymous_15)
FNF:16
FNH:0
FNDA:0,reactCycle
FNDA:0,(anonymous_1)
FNDA:0,generateCodeWithSchema
FNDA:0,generateRefinedCode
FNDA:0,(anonymous_4)
FNDA:0,buildRefinePrompt
FNDA:0,prepareFilesPreview
FNDA:0,(anonymous_7)
FNDA:0,(anonymous_8)
FNDA:0,prepareDatasets
FNDA:0,(anonymous_10)
FNDA:0,validateResult
FNDA:0,(anonymous_12)
FNDA:0,(anonymous_13)
FNDA:0,(anonymous_14)
FNDA:0,(anonymous_15)
DA:11,0
DA:12,0
DA:62,0
DA:76,0
DA:81,0
DA:82,0
DA:85,0
DA:100,0
DA:101,0
DA:102,0
DA:106,0
DA:113,0
DA:114,0
DA:115,0
DA:117,0
DA:120,0
DA:122,0
DA:124,0
DA:127,0
DA:133,0
DA:134,0
DA:136,0
DA:141,0
DA:144,0
DA:145,0
DA:146,0
DA:148,0
DA:152,0
DA:154,0
DA:155,0
DA:156,0
DA:160,0
DA:163,0
DA:169,0
DA:171,0
DA:175,0
DA:178,0
DA:179,0
DA:180,0
DA:181,0
DA:183,0
DA:187,0
DA:189,0
DA:190,0
DA:192,0
DA:193,0
DA:194,0
DA:196,0
DA:197,0
DA:198,0
DA:202,0
DA:203,0
DA:204,0
DA:206,0
DA:210,0
DA:212,0
DA:213,0
DA:214,0
DA:215,0
DA:217,0
DA:218,0
DA:220,0
DA:224,0
DA:225,0
DA:230,0
DA:241,0
DA:242,0
DA:248,0
DA:259,0
DA:260,0
DA:261,0
DA:266,0
DA:267,0
DA:286,0
DA:287,0
DA:291,0
DA:303,0
DA:309,0
DA:314,0
DA:325,0
DA:355,0
DA:359,0
DA:360,0
DA:366,0
DA:376,0
DA:378,0
DA:379,0
DA:380,0
DA:382,0
DA:384,0
DA:387,0
DA:392,0
DA:402,0
DA:405,0
DA:406,0
DA:407,0
DA:410,0
DA:411,0
DA:412,0
DA:416,0
DA:417,0
DA:418,0
DA:422,0
DA:423,0
DA:426,0
DA:427,0
DA:428,0
DA:429,0
DA:430,0
DA:431,0
DA:432,0
DA:438,0
DA:439,0
DA:440,0
DA:445,0
DA:454,0
DA:455,0
DA:456,0
LF:118
LH:0
BRDA:101,0,0,0
BRDA:102,1,0,0
BRDA:102,1,1,0
BRDA:117,2,0,0
BRDA:117,2,1,0
BRDA:117,2,2,0
BRDA:117,2,3,0
BRDA:117,2,4,0
BRDA:117,2,5,0
BRDA:145,3,0,0
BRDA:145,3,1,0
BRDA:155,4,0,0
BRDA:172,5,0,0
BRDA:172,5,1,0
BRDA:178,6,0,0
BRDA:178,6,1,0
BRDA:192,7,0,0
BRDA:192,7,1,0
BRDA:203,8,0,0
BRDA:203,8,1,0
BRDA:212,9,0,0
BRDA:212,9,1,0
BRDA:259,10,0,0
BRDA:286,11,0,0
BRDA:358,12,0,0
BRDA:358,12,1,0
BRDA:359,13,0,0
BRDA:359,14,0,0
BRDA:359,14,1,0
BRDA:361,15,0,0
BRDA:361,15,1,0
BRDA:379,16,0,0
BRDA:382,17,0,0
BRDA:382,17,1,0
BRDA:405,18,0,0
BRDA:410,19,0,0
BRDA:417,20,0,0
BRDA:426,21,0,0
BRDA:426,21,1,0
BRDA:426,22,0,0
BRDA:426,22,1,0
BRDA:430,23,0,0
BRDA:431,24,0,0
BRDA:438,25,0,0
BRDA:439,26,0,0
BRF:45
BRH:0
end_of_record
TN:
SF:services\tools\auditTools.ts
FN:14,(anonymous_0)
FN:324,generateToolsDocumentation
FN:328,(anonymous_2)
FN:335,(anonymous_3)
FN:337,(anonymous_4)
FN:339,(anonymous_5)
FN:353,generateToolsCode
FN:356,(anonymous_7)
FN:370,findTool
FN:371,(anonymous_9)
FN:377,getToolsByCategory
FN:378,(anonymous_11)
FNF:12
FNH:8
FNDA:1,(anonymous_0)
FNDA:3,generateToolsDocumentation
FNDA:36,(anonymous_2)
FNDA:15,(anonymous_3)
FNDA:36,(anonymous_4)
FNDA:111,(anonymous_5)
FNDA:0,generateToolsCode
FNDA:0,(anonymous_7)
FNDA:2,findTool
FNDA:12,(anonymous_9)
FNDA:0,getToolsByCategory
FNDA:0,(anonymous_11)
DA:14,1
DA:15,1
DA:16,1
DA:17,1
DA:18,1
DA:19,1
DA:37,1
DA:324,1
DA:325,3
DA:327,3
DA:328,3
DA:329,36
DA:330,15
DA:332,36
DA:335,3
DA:336,15
DA:337,15
DA:338,36
DA:339,111
DA:340,36
DA:341,36
DA:344,15
DA:347,3
DA:353,1
DA:354,0
DA:356,0
DA:357,0
DA:358,0
DA:359,0
DA:362,0
DA:364,0
DA:370,1
DA:371,12
DA:377,1
DA:378,0
LF:35
LH:27
BRDA:14,0,0,1
BRDA:14,0,1,1
BRDA:329,1,0,15
BRDA:340,2,0,36
BRF:4
BRH:4
end_of_record
TN:
SF:services\utils\jsonUtils.ts
FN:12,parseLLMJson
FNF:1
FNH:1
FNDA:5,parseLLMJson
DA:12,2
DA:13,5
DA:15,5
DA:18,5
DA:19,5
DA:20,5
DA:21,1
DA:25,5
DA:26,5
DA:28,5
DA:29,5
DA:30,0
DA:32,0
DA:33,0
DA:34,0
DA:35,0
DA:42,5
DA:45,5
DA:48,5
DA:51,1
DA:59,1
DA:60,1
DA:62,0
LF:23
LH:17
BRDA:20,0,0,1
BRDA:28,1,0,5
BRDA:28,1,1,0
BRDA:28,2,0,5
BRDA:28,2,1,5
BRDA:28,2,2,5
BRDA:30,3,0,0
BRDA:34,4,0,0
BRDA:34,5,0,0
BRDA:34,5,1,0
BRDA:34,5,2,0
BRDA:62,6,0,0
BRDA:62,6,1,0
BRF:13
BRH:5
end_of_record
TN:
SF:services\wasm\ExecutionEngine.ts
FN:73,(anonymous_0)
FN:80,(anonymous_1)
FN:97,(anonymous_2)
FN:184,(anonymous_3)
FN:206,(anonymous_4)
FN:271,(anonymous_5)
FN:305,(anonymous_6)
FN:358,(anonymous_7)
FN:390,(anonymous_8)
FN:408,(anonymous_9)
FN:417,(anonymous_10)
FNF:11
FNH:0
FNDA:0,(anonymous_0)
FNDA:0,(anonymous_1)
FNDA:0,(anonymous_2)
FNDA:0,(anonymous_3)
FNDA:0,(anonymous_4)
FNDA:0,(anonymous_5)
FNDA:0,(anonymous_6)
FNDA:0,(anonymous_7)
FNDA:0,(anonymous_8)
FNDA:0,(anonymous_9)
FNDA:0,(anonymous_10)
DA:14,0
DA:15,0
DA:61,0
DA:62,0
DA:63,0
DA:64,0
DA:66,0
DA:74,0
DA:81,0
DA:82,0
DA:84,0
DA:102,0
DA:104,0
DA:105,0
DA:106,0
DA:108,0
DA:110,0
DA:112,0
DA:113,0
DA:114,0
DA:116,0
DA:117,0
DA:118,0
DA:126,0
DA:127,0
DA:132,0
DA:133,0
DA:136,0
DA:139,0
DA:140,0
DA:142,0
DA:143,0
DA:144,0
DA:152,0
DA:153,0
DA:155,0
DA:156,0
DA:158,0
DA:166,0
DA:167,0
DA:169,0
DA:171,0
DA:187,0
DA:196,0
DA:198,0
DA:207,0
DA:210,0
DA:226,0
DA:263,0
DA:275,0
DA:276,0
DA:278,0
DA:280,0
DA:281,0
DA:285,0
DA:289,0
DA:290,0
DA:293,0
DA:295,0
DA:296,0
DA:306,0
DA:307,0
DA:310,0
DA:323,0
DA:333,0
DA:335,0
DA:336,0
DA:338,0
DA:339,0
DA:344,0
DA:345,0
DA:346,0
DA:347,0
DA:352,0
DA:353,0
DA:354,0
DA:357,0
DA:358,0
DA:360,0
DA:361,0
DA:366,0
DA:373,0
DA:374,0
DA:375,0
DA:376,0
DA:380,0
DA:397,0
DA:409,0
DA:410,0
DA:417,0
DA:418,0
DA:424,0
LF:92
LH:0
BRDA:81,0,0,0
BRDA:100,1,0,0
BRDA:112,2,0,0
BRDA:116,3,0,0
BRDA:126,4,0,0
BRDA:142,5,0,0
BRDA:162,6,0,0
BRDA:162,6,1,0
BRDA:167,7,0,0
BRDA:167,7,1,0
BRDA:276,8,0,0
BRDA:280,9,0,0
BRDA:281,10,0,0
BRDA:281,10,1,0
BRDA:285,11,0,0
BRDA:285,11,1,0
BRDA:289,12,0,0
BRDA:289,13,0,0
BRDA:289,13,1,0
BRDA:338,14,0,0
BRDA:346,15,0,0
BRDA:360,16,0,0
BRDA:374,17,0,0
BRF:23
BRH:0
end_of_record
TN:
SF:services\wasm\FileSystemService.ts
FN:54,(anonymous_0)
FN:61,(anonymous_1)
FN:78,(anonymous_2)
FN:131,(anonymous_3)
FN:167,(anonymous_4)
FN:189,(anonymous_5)
FN:207,(anonymous_6)
FN:222,(anonymous_7)
FN:257,(anonymous_8)
FN:272,(anonymous_9)
FN:295,(anonymous_10)
FN:316,(anonymous_11)
FN:323,(anonymous_12)
FN:344,(anonymous_13)
FN:362,(anonymous_14)
FN:380,(anonymous_15)
FNF:16
FNH:0
FNDA:0,(anonymous_0)
FNDA:0,(anonymous_1)
FNDA:0,(anonymous_2)
FNDA:0,(anonymous_3)
FNDA:0,(anonymous_4)
FNDA:0,(anonymous_5)
FNDA:0,(anonymous_6)
FNDA:0,(anonymous_7)
FNDA:0,(anonymous_8)
FNDA:0,(anonymous_9)
FNDA:0,(anonymous_10)
FNDA:0,(anonymous_11)
FNDA:0,(anonymous_12)
FNDA:0,(anonymous_13)
FNDA:0,(anonymous_14)
FNDA:0,(anonymous_15)
DA:14,0
DA:19,0
DA:50,0
DA:51,0
DA:52,0
DA:55,0
DA:62,0
DA:63,0
DA:65,0
DA:86,0
DA:88,0
DA:91,0
DA:92,0
DA:96,0
DA:97,0
DA:100,0
DA:102,0
DA:103,0
DA:104,0
DA:107,0
DA:108,0
DA:109,0
DA:112,0
DA:113,0
DA:114,0
DA:117,0
DA:119,0
DA:120,0
DA:135,0
DA:137,0
DA:139,0
DA:141,0
DA:144,0
DA:145,0
DA:150,0
DA:152,0
DA:157,0
DA:158,0
DA:168,0
DA:170,0
DA:171,0
DA:174,0
DA:176,0
DA:178,0
DA:179,0
DA:190,0
DA:192,0
DA:193,0
DA:194,0
DA:197,0
DA:198,0
DA:199,0
DA:202,0
DA:203,0
DA:204,0
DA:207,0
DA:209,0
DA:211,0
DA:212,0
DA:223,0
DA:225,0
DA:226,0
DA:227,0
DA:229,0
DA:231,0
DA:232,0
DA:233,0
DA:235,0
DA:245,0
DA:247,0
DA:248,0
DA:258,0
DA:260,0
DA:261,0
DA:262,0
DA:264,0
DA:265,0
DA:273,0
DA:275,0
DA:276,0
DA:278,0
DA:279,0
DA:282,0
DA:284,0
DA:299,0
DA:301,0
DA:303,0
DA:305,0
DA:307,0
DA:317,0
DA:318,0
DA:323,0
DA:324,0
DA:327,0
DA:329,0
DA:330,0
DA:335,0
DA:345,0
DA:347,0
DA:356,0
DA:367,0
DA:369,0
DA:380,0
DA:381,0
DA:387,0
LF:105
LH:0
BRDA:62,0,0,0
BRDA:80,1,0,0
BRDA:83,2,0,0
BRDA:84,3,0,0
BRDA:85,4,0,0
BRDA:91,5,0,0
BRDA:96,6,0,0
BRDA:133,7,0,0
BRDA:141,8,0,0
BRDA:141,8,1,0
BRDA:199,9,0,0
BRDA:199,9,1,0
BRDA:199,9,2,0
BRDA:222,10,0,0
BRDA:231,11,0,0
BRDA:231,12,0,0
BRDA:231,12,1,0
BRDA:232,13,0,0
BRDA:232,13,1,0
BRDA:238,14,0,0
BRDA:238,14,1,0
BRDA:297,15,0,0
BRDA:299,16,0,0
BRDA:299,16,1,0
BRDA:299,16,2,0
BRDA:299,16,3,0
BRDA:329,17,0,0
BRDA:329,18,0,0
BRDA:329,18,1,0
BRDA:356,19,0,0
BRDA:356,19,1,0
BRDA:356,20,0,0
BRDA:356,20,1,0
BRF:33
BRH:0
end_of_record
TN:
SF:services\wasm\PyodideService.ts
FN:49,(anonymous_9)
FN:75,(anonymous_10)
FN:84,(anonymous_11)
FN:96,(anonymous_12)
FN:130,(anonymous_13)
FN:133,(anonymous_14)
FN:138,(anonymous_15)
FN:142,(anonymous_16)
FN:174,(anonymous_17)
FN:210,(anonymous_18)
FN:234,(anonymous_19)
FN:256,(anonymous_20)
FN:280,(anonymous_21)
FN:326,(anonymous_22)
FN:340,(anonymous_23)
FN:378,(anonymous_24)
FN:388,(anonymous_25)
FN:416,(anonymous_26)
FN:423,(anonymous_27)
FN:430,(anonymous_28)
FN:447,(anonymous_29)
FN:464,(anonymous_30)
FNF:22
FNH:0
FNDA:0,(anonymous_9)
FNDA:0,(anonymous_10)
FNDA:0,(anonymous_11)
FNDA:0,(anonymous_12)
FNDA:0,(anonymous_13)
FNDA:0,(anonymous_14)
FNDA:0,(anonymous_15)
FNDA:0,(anonymous_16)
FNDA:0,(anonymous_17)
FNDA:0,(anonymous_18)
FNDA:0,(anonymous_19)
FNDA:0,(anonymous_20)
FNDA:0,(anonymous_21)
FNDA:0,(anonymous_22)
FNDA:0,(anonymous_23)
FNDA:0,(anonymous_24)
FNDA:0,(anonymous_25)
FNDA:0,(anonymous_26)
FNDA:0,(anonymous_27)
FNDA:0,(anonymous_28)
FNDA:0,(anonymous_29)
FNDA:0,(anonymous_30)
DA:14,0
DA:49,0
DA:50,0
DA:51,0
DA:52,0
DA:53,0
DA:61,0
DA:62,0
DA:63,0
DA:64,0
DA:66,0
DA:68,0
DA:76,0
DA:77,0
DA:78,0
DA:85,0
DA:86,0
DA:88,0
DA:98,0
DA:99,0
DA:100,0
DA:104,0
DA:105,0
DA:106,0
DA:109,0
DA:110,0
DA:111,0
DA:113,0
DA:115,0
DA:116,0
DA:117,0
DA:119,0
DA:120,0
DA:121,0
DA:122,0
DA:123,0
DA:131,0
DA:133,0
DA:135,0
DA:136,0
DA:139,0
DA:140,0
DA:143,0
DA:144,0
DA:148,0
DA:151,0
DA:152,0
DA:153,0
DA:157,0
DA:160,0
DA:161,0
DA:162,0
DA:164,0
DA:166,0
DA:167,0
DA:175,0
DA:176,0
DA:179,0
DA:181,0
DA:182,0
DA:183,0
DA:187,0
DA:188,0
DA:189,0
DA:193,0
DA:194,0
DA:195,0
DA:198,0
DA:199,0
DA:211,0
DA:212,0
DA:215,0
DA:216,0
DA:218,0
DA:219,0
DA:220,0
DA:221,0
DA:223,0
DA:224,0
DA:235,0
DA:236,0
DA:239,0
DA:241,0
DA:242,0
DA:243,0
DA:244,0
DA:246,0
DA:247,0
DA:257,0
DA:258,0
DA:261,0
DA:263,0
DA:264,0
DA:265,0
DA:266,0
DA:268,0
DA:269,0
DA:281,0
DA:282,0
DA:285,0
DA:286,0
DA:288,0
DA:290,0
DA:291,0
DA:292,0
DA:297,0
DA:299,0
DA:300,0
DA:302,0
DA:309,0
DA:310,0
DA:312,0
DA:314,0
DA:327,0
DA:328,0
DA:335,0
DA:336,0
DA:337,0
DA:340,0
DA:341,0
DA:343,0
DA:344,0
DA:346,0
DA:347,0
DA:349,0
DA:350,0
DA:352,0
DA:353,0
DA:358,0
DA:360,0
DA:366,0
DA:367,0
DA:379,0
DA:380,0
DA:382,0
DA:389,0
DA:390,0
DA:393,0
DA:395,0
DA:397,0
DA:399,0
DA:400,0
DA:401,0
DA:403,0
DA:407,0
DA:409,0
DA:417,0
DA:424,0
DA:431,0
DA:433,0
DA:436,0
DA:437,0
DA:438,0
DA:441,0
DA:448,0
DA:450,0
DA:451,0
DA:453,0
DA:454,0
DA:455,0
DA:457,0
DA:464,0
DA:465,0
DA:471,0
LF:164
LH:0
BRDA:49,0,0,0
BRDA:49,0,1,0
BRDA:85,1,0,0
BRDA:98,2,0,0
BRDA:104,3,0,0
BRDA:138,4,0,0
BRDA:138,4,1,0
BRDA:142,5,0,0
BRDA:142,5,1,0
BRDA:151,6,0,0
BRDA:175,7,0,0
BRDA:181,8,0,0
BRDA:187,9,0,0
BRDA:193,10,0,0
BRDA:211,11,0,0
BRDA:215,12,0,0
BRDA:215,12,1,0
BRDA:235,13,0,0
BRDA:257,14,0,0
BRDA:281,15,0,0
BRDA:290,16,0,0
BRDA:310,17,0,0
BRDA:310,17,1,0
BRDA:327,18,0,0
BRDA:344,19,0,0
BRDA:344,20,0,0
BRDA:344,20,1,0
BRDA:349,21,0,0
BRDA:349,21,1,0
BRDA:379,22,0,0
BRDA:379,23,0,0
BRDA:379,23,1,0
BRDA:389,24,0,0
BRF:33
BRH:0
end_of_record
TN:
SF:services\wasm\WasmAgenticOrchestrator.ts
FN:34,(anonymous_0)
FN:61,(anonymous_1)
FN:64,(anonymous_2)
FN:80,(anonymous_3)
FN:84,(anonymous_4)
FN:122,(anonymous_5)
FN:131,(anonymous_6)
FN:141,(anonymous_7)
FN:161,(anonymous_8)
FN:184,(anonymous_9)
FN:210,(anonymous_10)
FN:217,(anonymous_11)
FN:226,(anonymous_12)
FN:234,(anonymous_13)
FN:243,(anonymous_14)
FN:253,(anonymous_15)
FN:260,(anonymous_16)
FNF:17
FNH:0
FNDA:0,(anonymous_0)
FNDA:0,(anonymous_1)
FNDA:0,(anonymous_2)
FNDA:0,(anonymous_3)
FNDA:0,(anonymous_4)
FNDA:0,(anonymous_5)
FNDA:0,(anonymous_6)
FNDA:0,(anonymous_7)
FNDA:0,(anonymous_8)
FNDA:0,(anonymous_9)
FNDA:0,(anonymous_10)
FNDA:0,(anonymous_11)
FNDA:0,(anonymous_12)
FNDA:0,(anonymous_13)
FNDA:0,(anonymous_14)
FNDA:0,(anonymous_15)
FNDA:0,(anonymous_16)
DA:11,0
DA:12,0
DA:13,0
DA:43,0
DA:44,0
DA:45,0
DA:50,0
DA:62,0
DA:73,0
DA:81,0
DA:82,0
DA:93,0
DA:96,0
DA:97,0
DA:99,0
DA:100,0
DA:101,0
DA:102,0
DA:104,0
DA:105,0
DA:109,0
DA:110,0
DA:117,0
DA:118,0
DA:123,0
DA:124,0
DA:125,0
DA:132,0
DA:133,0
DA:135,0
DA:142,0
DA:144,0
DA:145,0
DA:148,0
DA:149,0
DA:153,0
DA:154,0
DA:162,0
DA:164,0
DA:165,0
DA:166,0
DA:167,0
DA:169,0
DA:170,0
DA:194,0
DA:195,0
DA:196,0
DA:197,0
DA:199,0
DA:201,0
DA:211,0
DA:218,0
DA:219,0
DA:220,0
DA:227,0
DA:228,0
DA:235,0
DA:236,0
DA:237,0
DA:244,0
DA:245,0
DA:246,0
DA:253,0
DA:254,0
DA:260,0
DA:265,0
DA:266,0
DA:268,0
DA:269,0
DA:272,0
DA:278,0
LF:71
LH:0
BRDA:44,0,0,0
BRDA:44,0,1,0
BRDA:52,1,0,0
BRDA:52,1,1,0
BRDA:99,2,0,0
BRDA:122,3,0,0
BRDA:132,4,0,0
BRDA:142,5,0,0
BRDA:142,5,1,0
BRDA:142,5,2,0
BRDA:142,5,3,0
BRDA:187,6,0,0
BRDA:263,7,0,0
BRDA:268,8,0,0
BRDA:269,9,0,0
BRDA:269,9,1,0
BRDA:272,10,0,0
BRDA:272,10,1,0
BRF:18
BRH:0
end_of_record
TN:
SF:services\wasm\WasmIntegrationLayer.ts
FN:45,(anonymous_9)
FN:54,(anonymous_10)
FN:64,(anonymous_11)
FN:103,(anonymous_12)
FN:171,(anonymous_13)
FN:181,(anonymous_14)
FN:204,(anonymous_15)
FN:229,(anonymous_16)
FN:243,(anonymous_17)
FN:253,(anonymous_18)
FN:260,(anonymous_19)
FN:267,(anonymous_20)
FN:282,(anonymous_21)
FN:312,(anonymous_22)
FN:334,(anonymous_23)
FN:341,(anonymous_24)
FN:348,(anonymous_25)
FN:357,(anonymous_26)
FNF:18
FNH:0
FNDA:0,(anonymous_9)
FNDA:0,(anonymous_10)
FNDA:0,(anonymous_11)
FNDA:0,(anonymous_12)
FNDA:0,(anonymous_13)
FNDA:0,(anonymous_14)
FNDA:0,(anonymous_15)
FNDA:0,(anonymous_16)
FNDA:0,(anonymous_17)
FNDA:0,(anonymous_18)
FNDA:0,(anonymous_19)
FNDA:0,(anonymous_20)
FNDA:0,(anonymous_21)
FNDA:0,(anonymous_22)
FNDA:0,(anonymous_23)
FNDA:0,(anonymous_24)
FNDA:0,(anonymous_25)
FNDA:0,(anonymous_26)
DA:14,0
DA:15,0
DA:16,0
DA:17,0
DA:32,0
DA:33,0
DA:35,0
DA:38,0
DA:46,0
DA:47,0
DA:48,0
DA:55,0
DA:56,0
DA:58,0
DA:65,0
DA:66,0
DA:67,0
DA:70,0
DA:72,0
DA:73,0
DA:75,0
DA:76,0
DA:77,0
DA:80,0
DA:81,0
DA:83,0
DA:85,0
DA:86,0
DA:88,0
DA:112,0
DA:114,0
DA:115,0
DA:116,0
DA:118,0
DA:120,0
DA:121,0
DA:123,0
DA:131,0
DA:132,0
DA:135,0
DA:139,0
DA:140,0
DA:141,0
DA:144,0
DA:147,0
DA:150,0
DA:151,0
DA:152,0
DA:153,0
DA:155,0
DA:159,0
DA:181,0
DA:183,0
DA:184,0
DA:186,0
DA:191,0
DA:205,0
DA:207,0
DA:208,0
DA:209,0
DA:210,0
DA:211,0
DA:212,0
DA:214,0
DA:215,0
DA:220,0
DA:221,0
DA:230,0
DA:232,0
DA:233,0
DA:234,0
DA:236,0
DA:244,0
DA:245,0
DA:247,0
DA:254,0
DA:261,0
DA:268,0
DA:270,0
DA:271,0
DA:272,0
DA:275,0
DA:283,0
DA:285,0
DA:286,0
DA:291,0
DA:296,0
DA:297,0
DA:299,0
DA:300,0
DA:305,0
DA:306,0
DA:313,0
DA:335,0
DA:342,0
DA:349,0
DA:350,0
DA:357,0
DA:358,0
DA:364,0
LF:100
LH:0
BRDA:55,0,0,0
BRDA:65,1,0,0
BRDA:73,2,0,0
BRDA:85,3,0,0
BRDA:85,3,1,0
BRDA:120,4,0,0
BRDA:120,5,0,0
BRDA:120,5,1,0
BRDA:124,6,0,0
BRDA:124,6,1,0
BRDA:131,7,0,0
BRDA:139,8,0,0
BRDA:150,9,0,0
BRDA:150,10,0,0
BRDA:150,10,1,0
BRDA:161,11,0,0
BRDA:161,11,1,0
BRDA:184,12,0,0
BRDA:184,12,1,0
BRDA:193,13,0,0
BRDA:193,13,1,0
BRDA:207,14,0,0
BRDA:207,15,0,0
BRDA:207,15,1,0
BRDA:232,16,0,0
BRDA:232,16,1,0
BRDA:232,17,0,0
BRDA:232,17,1,0
BRDA:244,18,0,0
BRDA:244,19,0,0
BRDA:244,19,1,0
BRDA:271,20,0,0
BRDA:271,21,0,0
BRDA:271,21,1,0
BRDA:285,22,0,0
BRF:35
BRH:0
end_of_record
